Using pre-set license
Built from '2021.2/staging' branch; Version is '2021.2.8f1 (d0e5f0a7b06a) revision 13690352'; Using compiler version '192829333'; Build Type 'Release'
OS: 'Windows 10  (10.0.19044) 64bit Professional' Language: 'en' Physical Memory: 7981 MB
BatchMode: 1, IsHumanControllingUs: 0, StartBugReporterOnCrash: 0, Is64bit: 1, IsPro: 0

COMMAND LINE ARGUMENTS:
C:\Program Files\Unity\Hub\Editor\2021.2.8f1\Editor\Unity.exe
-adb2
-batchMode
-noUpm
-name
AssetImportWorker1
-projectPath
C:/Users/15053/Desktop/unity/JS-4150-midterm
-logFile
Logs/AssetImportWorker1.log
-srvPort
55554
Successfully changed project path to: C:/Users/15053/Desktop/unity/JS-4150-midterm
C:/Users/15053/Desktop/unity/JS-4150-midterm
[UnityMemory] Configuration Parameters - Can be set up in boot.config
    "memorysetup-bucket-allocator-granularity=16"
    "memorysetup-bucket-allocator-bucket-count=8"
    "memorysetup-bucket-allocator-block-size=33554432"
    "memorysetup-bucket-allocator-block-count=8"
    "memorysetup-main-allocator-block-size=16777216"
    "memorysetup-thread-allocator-block-size=16777216"
    "memorysetup-gfx-main-allocator-block-size=16777216"
    "memorysetup-gfx-thread-allocator-block-size=16777216"
    "memorysetup-cache-allocator-block-size=4194304"
    "memorysetup-typetree-allocator-block-size=2097152"
    "memorysetup-profiler-bucket-allocator-granularity=16"
    "memorysetup-profiler-bucket-allocator-bucket-count=8"
    "memorysetup-profiler-bucket-allocator-block-size=33554432"
    "memorysetup-profiler-bucket-allocator-block-count=8"
    "memorysetup-profiler-allocator-block-size=16777216"
    "memorysetup-profiler-editor-allocator-block-size=1048576"
    "memorysetup-temp-allocator-size-main=16777216"
    "memorysetup-job-temp-allocator-block-size=2097152"
    "memorysetup-job-temp-allocator-block-size-background=1048576"
    "memorysetup-job-temp-allocator-reduction-small-platforms=262144"
    "memorysetup-temp-allocator-size-background-worker=32768"
    "memorysetup-temp-allocator-size-job-worker=262144"
    "memorysetup-temp-allocator-size-preload-manager=33554432"
    "memorysetup-temp-allocator-size-nav-mesh-worker=65536"
    "memorysetup-temp-allocator-size-audio-worker=65536"
    "memorysetup-temp-allocator-size-cloud-worker=32768"
    "memorysetup-temp-allocator-size-gi-baking-worker=262144"
    "memorysetup-temp-allocator-size-gfx=262144"
Refreshing native plugins compatible for Editor in 282.27 ms, found 4 plugins.
Preloading 0 native plugins for Editor in 0.00 ms.
Initialize engine version: 2021.2.8f1 (d0e5f0a7b06a)
[Subsystems] Discovering subsystems at path C:/Program Files/Unity/Hub/Editor/2021.2.8f1/Editor/Data/Resources/UnitySubsystems
[Subsystems] Discovering subsystems at path C:/Users/15053/Desktop/unity/JS-4150-midterm/Assets
GfxDevice: creating device client; threaded=0; jobified=0
Direct3D:
    Version:  Direct3D 11.0 [level 11.1]
    Renderer: NVIDIA GeForce GTX 1650 Ti (ID=0x1f95)
    Vendor:   NVIDIA
    VRAM:     3962 MB
    Driver:   30.0.14.9729
Initialize mono
Mono path[0] = 'C:/Program Files/Unity/Hub/Editor/2021.2.8f1/Editor/Data/Managed'
Mono path[1] = 'C:/Program Files/Unity/Hub/Editor/2021.2.8f1/Editor/Data/MonoBleedingEdge/lib/mono/unityjit-win32'
Mono config path = 'C:/Program Files/Unity/Hub/Editor/2021.2.8f1/Editor/Data/MonoBleedingEdge/etc'
Using monoOptions --debugger-agent=transport=dt_socket,embedding=1,server=y,suspend=n,address=127.0.0.1:56284
Begin MonoManager ReloadAssembly
Registering precompiled unity dll's ...
Register platform support module: C:/Program Files/Unity/Hub/Editor/2021.2.8f1/Editor/Data/PlaybackEngines/WindowsStandaloneSupport/UnityEditor.WindowsStandalone.Extensions.dll
Registered in 0.010429 seconds.
Native extension for WindowsStandalone target not found
Refreshing native plugins compatible for Editor in 139.66 ms, found 4 plugins.
Preloading 0 native plugins for Editor in 0.00 ms.
Mono: successfully reloaded assembly
- Completed reload, in  0.975 seconds
Domain Reload Profiling:
	ReloadAssembly (976ms)
		BeginReloadAssembly (159ms)
			ExecutionOrderSort (0ms)
			DisableScriptedObjects (0ms)
			BackupInstance (0ms)
			ReleaseScriptingObjects (0ms)
			CreateAndSetChildDomain (2ms)
		EndReloadAssembly (704ms)
			LoadAssemblies (153ms)
			RebuildTransferFunctionScriptingTraits (0ms)
			SetupTypeCache (144ms)
			ReleaseScriptCaches (0ms)
			RebuildScriptCaches (39ms)
			SetupLoadedEditorAssemblies (446ms)
				LogAssemblyErrors (0ms)
				InitializePlatformSupportModulesInManaged (24ms)
				SetLoadedEditorAssemblies (0ms)
				RefreshPlugins (140ms)
				BeforeProcessingInitializeOnLoad (2ms)
				ProcessInitializeOnLoadAttributes (212ms)
				ProcessInitializeOnLoadMethodAttributes (67ms)
				AfterProcessingInitializeOnLoad (0ms)
				EditorAssembliesLoaded (0ms)
			ExecutionOrderSort2 (0ms)
			AwakeInstancesAfterBackupRestoration (0ms)
Platform modules already initialized, skipping
Registering precompiled user dll's ...
Registered in 0.081961 seconds.
Begin MonoManager ReloadAssembly
Symbol file LoadedFromMemory doesn't match image C:\Users\15053\Desktop\unity\JS-4150-midterm\Library\PackageCache\com.unity.visualscripting@1.7.6\Editor\VisualScripting.Core\Dependencies\YamlDotNet\Unity.VisualScripting.YamlDotNet.dll
Symbol file LoadedFromMemory doesn't match image C:\Users\15053\Desktop\unity\JS-4150-midterm\Library\PackageCache\com.unity.visualscripting@1.7.6\Editor\VisualScripting.Core\Dependencies\DotNetZip\Unity.VisualScripting.IonicZip.dll
Native extension for WindowsStandalone target not found
Refreshing native plugins compatible for Editor in 120.03 ms, found 4 plugins.
Preloading 0 native plugins for Editor in 0.00 ms.
Mono: successfully reloaded assembly
- Completed reload, in  2.220 seconds
Domain Reload Profiling:
	ReloadAssembly (2221ms)
		BeginReloadAssembly (169ms)
			ExecutionOrderSort (0ms)
			DisableScriptedObjects (10ms)
			BackupInstance (0ms)
			ReleaseScriptingObjects (0ms)
			CreateAndSetChildDomain (26ms)
		EndReloadAssembly (1897ms)
			LoadAssemblies (151ms)
			RebuildTransferFunctionScriptingTraits (0ms)
			SetupTypeCache (386ms)
			ReleaseScriptCaches (1ms)
			RebuildScriptCaches (74ms)
			SetupLoadedEditorAssemblies (1217ms)
				LogAssemblyErrors (0ms)
				InitializePlatformSupportModulesInManaged (15ms)
				SetLoadedEditorAssemblies (0ms)
				RefreshPlugins (120ms)
				BeforeProcessingInitializeOnLoad (134ms)
				ProcessInitializeOnLoadAttributes (886ms)
				ProcessInitializeOnLoadMethodAttributes (51ms)
				AfterProcessingInitializeOnLoad (10ms)
				EditorAssembliesLoaded (0ms)
			ExecutionOrderSort2 (0ms)
			AwakeInstancesAfterBackupRestoration (9ms)
Platform modules already initialized, skipping
========================================================================
Worker process is ready to serve import requests
Launched and connected shader compiler UnityShaderCompiler.exe after 0.09 seconds
Refreshing native plugins compatible for Editor in 2.67 ms, found 4 plugins.
Preloading 0 native plugins for Editor in 0.00 ms.
Unloading 3903 Unused Serialized files (Serialized files now loaded: 0)
Unloading 43 unused Assets / (225.5 KB). Loaded Objects now: 4352.
Memory consumption went from 146.8 MB to 146.6 MB.
Total: 6.271100 ms (FindLiveObjects: 0.454800 ms CreateObjectMapping: 0.373900 ms MarkObjects: 4.790400 ms  DeleteObjects: 0.475900 ms)

AssetImportParameters requested are different than current active one (requested -> active):
  custom:video-decoder-ogg-theora: a1e56fd34408186e4bbccfd4996cb3dc -> 
  custom:container-muxer-webm: aa71ff27fc2769a1b78a27578f13a17b -> 
  custom:container-demuxer-webm: 4f35f7cbe854078d1ac9338744f61a02 -> 
  custom:video-encoder-webm-vp8: eb34c28f22e8b96e1ab97ce403110664 -> 
  custom:audio-encoder-webm-vorbis: bf7c407c2cedff20999df2af8eb42d56 -> 
  custom:framework-win-MediaFoundation: 216162199b28c13a410421893ffa2e32 -> 
  custom:container-demuxer-ogg: 62fdf1f143b41e24485cea50d1cbac27 -> 
  custom:video-decoder-webm-vp8: 9c59270c3fd7afecdb556c50c9e8de78 -> 
  custom:audio-decoder-ogg-vorbis: bf7c407c2cedff20999df2af8eb42d56 -> 
========================================================================
Received Import Request.
  Time since last request: 3764.635421 seconds.
  path: Assets/Scenes
  artifactKey: Guid(131a6b21c8605f84396be9f6751fb6e3) Importer(815301076,1909f56bfc062723c751e8b465ee728b)
Start importing Assets/Scenes using Guid(131a6b21c8605f84396be9f6751fb6e3) Importer(815301076,1909f56bfc062723c751e8b465ee728b)  -> (artifact id: '2c23e514d24f6b65fe96946cd87fc526') in 0.014980 seconds 
========================================================================
Received Import Request.
  Time since last request: 460.766174 seconds.
  path: Assets/2D Zombie/Background/moon.png
  artifactKey: Guid(77a362fb0c9dee2469266ce146622620) Importer(815301076,1909f56bfc062723c751e8b465ee728b)
Start importing Assets/2D Zombie/Background/moon.png using Guid(77a362fb0c9dee2469266ce146622620) Importer(815301076,1909f56bfc062723c751e8b465ee728b)  -> (artifact id: 'beff82b5403db35d2b237f12be9bade5') in 0.293194 seconds 
========================================================================
Received Import Request.
  Time since last request: 0.000032 seconds.
  path: Assets/2D Zombie/Background/parallax_back.png
  artifactKey: Guid(e4d936d0691eb694d8913eb7e7b20807) Importer(815301076,1909f56bfc062723c751e8b465ee728b)
Start importing Assets/2D Zombie/Background/parallax_back.png using Guid(e4d936d0691eb694d8913eb7e7b20807) Importer(815301076,1909f56bfc062723c751e8b465ee728b)  -> (artifact id: '5b46c0c102d0c0e4d04f727b03bdc979') in 0.119121 seconds 
========================================================================
Received Import Request.
  Time since last request: 0.000034 seconds.
  path: Assets/2D Zombie/Background/track.png
  artifactKey: Guid(ad0174e0c5603ab4ba3b11ef3e71fb86) Importer(815301076,1909f56bfc062723c751e8b465ee728b)
Start importing Assets/2D Zombie/Background/track.png using Guid(ad0174e0c5603ab4ba3b11ef3e71fb86) Importer(815301076,1909f56bfc062723c751e8b465ee728b)  -> (artifact id: '13d2c5acc4c4261dda274528124b5562') in 0.158503 seconds 
========================================================================
Received Import Request.
  Time since last request: 7.611344 seconds.
  path: Assets/2D Zombie/Spine2D Files/images/01_body_n.png
  artifactKey: Guid(d7c82189f43fd9a49a35ad556937b500) Importer(815301076,1909f56bfc062723c751e8b465ee728b)
Start importing Assets/2D Zombie/Spine2D Files/images/01_body_n.png using Guid(d7c82189f43fd9a49a35ad556937b500) Importer(815301076,1909f56bfc062723c751e8b465ee728b)  -> (artifact id: '47235043676084a64d429133eef3c5ea') in 0.066867 seconds 
========================================================================
Received Import Request.
  Time since last request: 0.000036 seconds.
  path: Assets/2D Zombie/Spine2D Files/images/01_head_n.png
  artifactKey: Guid(ca06de5fb36229641bcd248a371195f4) Importer(815301076,1909f56bfc062723c751e8b465ee728b)
Start importing Assets/2D Zombie/Spine2D Files/images/01_head_n.png using Guid(ca06de5fb36229641bcd248a371195f4) Importer(815301076,1909f56bfc062723c751e8b465ee728b)  -> (artifact id: '120c78decfc47628db915b1999cefbfe') in 0.086746 seconds 
========================================================================
Received Import Request.
  Time since last request: 3.403810 seconds.
  path: Assets/2D Zombie/Unity Native Animations/Zombie_Normal_Material.mat
  artifactKey: Guid(97d2e373d7c7c6e41b5aa688e9f85c85) Importer(815301076,1909f56bfc062723c751e8b465ee728b)
Start importing Assets/2D Zombie/Unity Native Animations/Zombie_Normal_Material.mat using Guid(97d2e373d7c7c6e41b5aa688e9f85c85) Importer(815301076,1909f56bfc062723c751e8b465ee728b)  -> (artifact id: '49ff1040f22ad4fdf91b947d96f0ab59') in 0.141558 seconds 
========================================================================
Received Prepare
Registering precompiled user dll's ...
Registered in 0.010196 seconds.
Begin MonoManager ReloadAssembly
Symbol file LoadedFromMemory doesn't match image C:\Users\15053\Desktop\unity\JS-4150-midterm\Library\PackageCache\com.unity.visualscripting@1.7.6\Editor\VisualScripting.Core\Dependencies\YamlDotNet\Unity.VisualScripting.YamlDotNet.dll
Symbol file LoadedFromMemory doesn't match image C:\Users\15053\Desktop\unity\JS-4150-midterm\Library\PackageCache\com.unity.visualscripting@1.7.6\Editor\VisualScripting.Core\Dependencies\DotNetZip\Unity.VisualScripting.IonicZip.dll
Native extension for WindowsStandalone target not found
Refreshing native plugins compatible for Editor in 0.90 ms, found 4 plugins.
Preloading 0 native plugins for Editor in 0.00 ms.
Mono: successfully reloaded assembly
- Completed reload, in  1.784 seconds
Domain Reload Profiling:
	ReloadAssembly (1785ms)
		BeginReloadAssembly (206ms)
			ExecutionOrderSort (0ms)
			DisableScriptedObjects (9ms)
			BackupInstance (0ms)
			ReleaseScriptingObjects (0ms)
			CreateAndSetChildDomain (57ms)
		EndReloadAssembly (1413ms)
			LoadAssemblies (131ms)
			RebuildTransferFunctionScriptingTraits (0ms)
			SetupTypeCache (416ms)
			ReleaseScriptCaches (2ms)
			RebuildScriptCaches (84ms)
			SetupLoadedEditorAssemblies (649ms)
				LogAssemblyErrors (0ms)
				InitializePlatformSupportModulesInManaged (17ms)
				SetLoadedEditorAssemblies (1ms)
				RefreshPlugins (1ms)
				BeforeProcessingInitializeOnLoad (105ms)
				ProcessInitializeOnLoadAttributes (474ms)
				ProcessInitializeOnLoadMethodAttributes (42ms)
				AfterProcessingInitializeOnLoad (10ms)
				EditorAssembliesLoaded (0ms)
			ExecutionOrderSort2 (0ms)
			AwakeInstancesAfterBackupRestoration (22ms)
Platform modules already initialized, skipping
Refreshing native plugins compatible for Editor in 0.94 ms, found 4 plugins.
Preloading 0 native plugins for Editor in 0.00 ms.
Unloading 3912 Unused Serialized files (Serialized files now loaded: 0)
Unloading 32 unused Assets / (192.2 KB). Loaded Objects now: 4492.
Memory consumption went from 162.5 MB to 162.3 MB.
Total: 4.683800 ms (FindLiveObjects: 0.504600 ms CreateObjectMapping: 0.421200 ms MarkObjects: 3.598400 ms  DeleteObjects: 0.158000 ms)

AssetImportParameters requested are different than current active one (requested -> active):
  custom:video-decoder-ogg-theora: a1e56fd34408186e4bbccfd4996cb3dc -> 
  custom:container-muxer-webm: aa71ff27fc2769a1b78a27578f13a17b -> 
  custom:container-demuxer-webm: 4f35f7cbe854078d1ac9338744f61a02 -> 
  custom:video-encoder-webm-vp8: eb34c28f22e8b96e1ab97ce403110664 -> 
  custom:audio-encoder-webm-vorbis: bf7c407c2cedff20999df2af8eb42d56 -> 
  custom:framework-win-MediaFoundation: 216162199b28c13a410421893ffa2e32 -> 
  custom:container-demuxer-ogg: 62fdf1f143b41e24485cea50d1cbac27 -> 
  custom:video-decoder-webm-vp8: 9c59270c3fd7afecdb556c50c9e8de78 -> 
  custom:audio-decoder-ogg-vorbis: bf7c407c2cedff20999df2af8eb42d56 -> 
========================================================================
Received Import Request.
  Time since last request: 175.808651 seconds.
  path: Assets/MainAsset/8BitCharacters/SpriteSheets/Characters/CannonFondler.png
  artifactKey: Guid(7417073f022994642a493ad7492bbc4b) Importer(815301076,1909f56bfc062723c751e8b465ee728b)
Start importing Assets/MainAsset/8BitCharacters/SpriteSheets/Characters/CannonFondler.png using Guid(7417073f022994642a493ad7492bbc4b) Importer(815301076,1909f56bfc062723c751e8b465ee728b)  -> (artifact id: '6358bb3530728e2cdce1e45877de6391') in 0.181612 seconds 
========================================================================
Received Import Request.
  Time since last request: 0.000030 seconds.
  path: Assets/MainAsset/8BitCharacters/SpriteSheets/Characters/Captain.png
  artifactKey: Guid(6fa7150d6e84a0f4d9122fda376c5e15) Importer(815301076,1909f56bfc062723c751e8b465ee728b)
Start importing Assets/MainAsset/8BitCharacters/SpriteSheets/Characters/Captain.png using Guid(6fa7150d6e84a0f4d9122fda376c5e15) Importer(815301076,1909f56bfc062723c751e8b465ee728b)  -> (artifact id: 'b2a6bf8cb84062d80538a7ce29356f74') in 0.118432 seconds 
========================================================================
Received Import Request.
  Time since last request: 0.000054 seconds.
  path: Assets/MainAsset/8BitCharacters/SpriteSheets/Characters/Scouter.png
  artifactKey: Guid(77d511b2a5e9c79409263d1cc7828e7a) Importer(815301076,1909f56bfc062723c751e8b465ee728b)
Start importing Assets/MainAsset/8BitCharacters/SpriteSheets/Characters/Scouter.png using Guid(77d511b2a5e9c79409263d1cc7828e7a) Importer(815301076,1909f56bfc062723c751e8b465ee728b)  -> (artifact id: '1860d955471bc4e6d26805cbd7d39123') in 0.116059 seconds 
========================================================================
Received Import Request.
  Time since last request: 33.282150 seconds.
  path: Assets/MainAsset/8BitCharacters/BasicMapItems/GoldCart.png
  artifactKey: Guid(0c4e3f9a949bc094ab36608fb50d52dd) Importer(815301076,1909f56bfc062723c751e8b465ee728b)
Start importing Assets/MainAsset/8BitCharacters/BasicMapItems/GoldCart.png using Guid(0c4e3f9a949bc094ab36608fb50d52dd) Importer(815301076,1909f56bfc062723c751e8b465ee728b)  -> (artifact id: 'b568192b331cc5e18349fa65c972a444') in 0.022305 seconds 
========================================================================
Received Import Request.
  Time since last request: 3.245511 seconds.
  path: Assets/MainAsset/8BitCharacters/PlayerIcons/CannonFondler_Icon.png
  artifactKey: Guid(e389695e5b772c44e85e43fc260e59c2) Importer(815301076,1909f56bfc062723c751e8b465ee728b)
Start importing Assets/MainAsset/8BitCharacters/PlayerIcons/CannonFondler_Icon.png using Guid(e389695e5b772c44e85e43fc260e59c2) Importer(815301076,1909f56bfc062723c751e8b465ee728b)  -> (artifact id: '09151719373123a9efde0d8c0885c701') in 0.032460 seconds 
========================================================================
Received Import Request.
  Time since last request: 0.000042 seconds.
  path: Assets/MainAsset/8BitCharacters/PlayerIcons/Soldier_Icon.png
  artifactKey: Guid(67b23418d7527cc4c9c08c0fe242aca5) Importer(815301076,1909f56bfc062723c751e8b465ee728b)
Start importing Assets/MainAsset/8BitCharacters/PlayerIcons/Soldier_Icon.png using Guid(67b23418d7527cc4c9c08c0fe242aca5) Importer(815301076,1909f56bfc062723c751e8b465ee728b)  -> (artifact id: 'ecda3c7d55ac61b57635474b838bd8b4') in 0.042724 seconds 
Editor requested this worker to shutdown with reason: Scaling down because of idle timeout
AssetImportWorker is now disconnected from the server
Process exiting
Exiting without the bug reporter. Application will terminate with return code 0