Using pre-set license
Built from '2021.2/staging' branch; Version is '2021.2.8f1 (d0e5f0a7b06a) revision 13690352'; Using compiler version '192829333'; Build Type 'Release'
OS: 'Windows 10  (10.0.19044) 64bit Professional' Language: 'en' Physical Memory: 7981 MB
BatchMode: 1, IsHumanControllingUs: 0, StartBugReporterOnCrash: 0, Is64bit: 1, IsPro: 0

COMMAND LINE ARGUMENTS:
C:\Program Files\Unity\Hub\Editor\2021.2.8f1\Editor\Unity.exe
-adb2
-batchMode
-noUpm
-name
AssetImportWorker4
-projectPath
C:/Users/15053/Desktop/unity/JS-4150-midterm
-logFile
Logs/AssetImportWorker4.log
-srvPort
55554
Successfully changed project path to: C:/Users/15053/Desktop/unity/JS-4150-midterm
C:/Users/15053/Desktop/unity/JS-4150-midterm
[UnityMemory] Configuration Parameters - Can be set up in boot.config
    "memorysetup-bucket-allocator-granularity=16"
    "memorysetup-bucket-allocator-bucket-count=8"
    "memorysetup-bucket-allocator-block-size=33554432"
    "memorysetup-bucket-allocator-block-count=8"
    "memorysetup-main-allocator-block-size=16777216"
    "memorysetup-thread-allocator-block-size=16777216"
    "memorysetup-gfx-main-allocator-block-size=16777216"
    "memorysetup-gfx-thread-allocator-block-size=16777216"
    "memorysetup-cache-allocator-block-size=4194304"
    "memorysetup-typetree-allocator-block-size=2097152"
    "memorysetup-profiler-bucket-allocator-granularity=16"
    "memorysetup-profiler-bucket-allocator-bucket-count=8"
    "memorysetup-profiler-bucket-allocator-block-size=33554432"
    "memorysetup-profiler-bucket-allocator-block-count=8"
    "memorysetup-profiler-allocator-block-size=16777216"
    "memorysetup-profiler-editor-allocator-block-size=1048576"
    "memorysetup-temp-allocator-size-main=16777216"
    "memorysetup-job-temp-allocator-block-size=2097152"
    "memorysetup-job-temp-allocator-block-size-background=1048576"
    "memorysetup-job-temp-allocator-reduction-small-platforms=262144"
    "memorysetup-temp-allocator-size-background-worker=32768"
    "memorysetup-temp-allocator-size-job-worker=262144"
    "memorysetup-temp-allocator-size-preload-manager=33554432"
    "memorysetup-temp-allocator-size-nav-mesh-worker=65536"
    "memorysetup-temp-allocator-size-audio-worker=65536"
    "memorysetup-temp-allocator-size-cloud-worker=32768"
    "memorysetup-temp-allocator-size-gi-baking-worker=262144"
    "memorysetup-temp-allocator-size-gfx=262144"
Refreshing native plugins compatible for Editor in 133.98 ms, found 4 plugins.
Preloading 0 native plugins for Editor in 0.00 ms.
Initialize engine version: 2021.2.8f1 (d0e5f0a7b06a)
[Subsystems] Discovering subsystems at path C:/Program Files/Unity/Hub/Editor/2021.2.8f1/Editor/Data/Resources/UnitySubsystems
[Subsystems] Discovering subsystems at path C:/Users/15053/Desktop/unity/JS-4150-midterm/Assets
GfxDevice: creating device client; threaded=0; jobified=0
Direct3D:
    Version:  Direct3D 11.0 [level 11.1]
    Renderer: NVIDIA GeForce GTX 1650 Ti (ID=0x1f95)
    Vendor:   NVIDIA
    VRAM:     3962 MB
    Driver:   30.0.14.9729
Initialize mono
Mono path[0] = 'C:/Program Files/Unity/Hub/Editor/2021.2.8f1/Editor/Data/Managed'
Mono path[1] = 'C:/Program Files/Unity/Hub/Editor/2021.2.8f1/Editor/Data/MonoBleedingEdge/lib/mono/unityjit-win32'
Mono config path = 'C:/Program Files/Unity/Hub/Editor/2021.2.8f1/Editor/Data/MonoBleedingEdge/etc'
Using monoOptions --debugger-agent=transport=dt_socket,embedding=1,server=y,suspend=n,address=127.0.0.1:56896
Begin MonoManager ReloadAssembly
Registering precompiled unity dll's ...
Register platform support module: C:/Program Files/Unity/Hub/Editor/2021.2.8f1/Editor/Data/PlaybackEngines/WindowsStandaloneSupport/UnityEditor.WindowsStandalone.Extensions.dll
Registered in 0.008561 seconds.
Native extension for WindowsStandalone target not found
Refreshing native plugins compatible for Editor in 143.27 ms, found 4 plugins.
Preloading 0 native plugins for Editor in 0.00 ms.
Mono: successfully reloaded assembly
- Completed reload, in  0.936 seconds
Domain Reload Profiling:
	ReloadAssembly (936ms)
		BeginReloadAssembly (92ms)
			ExecutionOrderSort (0ms)
			DisableScriptedObjects (0ms)
			BackupInstance (0ms)
			ReleaseScriptingObjects (0ms)
			CreateAndSetChildDomain (1ms)
		EndReloadAssembly (739ms)
			LoadAssemblies (88ms)
			RebuildTransferFunctionScriptingTraits (0ms)
			SetupTypeCache (165ms)
			ReleaseScriptCaches (0ms)
			RebuildScriptCaches (49ms)
			SetupLoadedEditorAssemblies (434ms)
				LogAssemblyErrors (0ms)
				InitializePlatformSupportModulesInManaged (25ms)
				SetLoadedEditorAssemblies (0ms)
				RefreshPlugins (143ms)
				BeforeProcessingInitializeOnLoad (2ms)
				ProcessInitializeOnLoadAttributes (198ms)
				ProcessInitializeOnLoadMethodAttributes (66ms)
				AfterProcessingInitializeOnLoad (0ms)
				EditorAssembliesLoaded (0ms)
			ExecutionOrderSort2 (0ms)
			AwakeInstancesAfterBackupRestoration (0ms)
Platform modules already initialized, skipping
Registering precompiled user dll's ...
Registered in 0.009301 seconds.
Begin MonoManager ReloadAssembly
Symbol file LoadedFromMemory doesn't match image C:\Users\15053\Desktop\unity\JS-4150-midterm\Library\PackageCache\com.unity.visualscripting@1.7.6\Editor\VisualScripting.Core\Dependencies\YamlDotNet\Unity.VisualScripting.YamlDotNet.dll
Symbol file LoadedFromMemory doesn't match image C:\Users\15053\Desktop\unity\JS-4150-midterm\Library\PackageCache\com.unity.visualscripting@1.7.6\Editor\VisualScripting.Core\Dependencies\DotNetZip\Unity.VisualScripting.IonicZip.dll
Native extension for WindowsStandalone target not found
Refreshing native plugins compatible for Editor in 119.04 ms, found 4 plugins.
Preloading 0 native plugins for Editor in 0.00 ms.
Mono: successfully reloaded assembly
- Completed reload, in  1.993 seconds
Domain Reload Profiling:
	ReloadAssembly (1994ms)
		BeginReloadAssembly (142ms)
			ExecutionOrderSort (0ms)
			DisableScriptedObjects (9ms)
			BackupInstance (0ms)
			ReleaseScriptingObjects (0ms)
			CreateAndSetChildDomain (22ms)
		EndReloadAssembly (1724ms)
			LoadAssemblies (100ms)
			RebuildTransferFunctionScriptingTraits (0ms)
			SetupTypeCache (314ms)
			ReleaseScriptCaches (1ms)
			RebuildScriptCaches (72ms)
			SetupLoadedEditorAssemblies (1175ms)
				LogAssemblyErrors (0ms)
				InitializePlatformSupportModulesInManaged (16ms)
				SetLoadedEditorAssemblies (0ms)
				RefreshPlugins (119ms)
				BeforeProcessingInitializeOnLoad (122ms)
				ProcessInitializeOnLoadAttributes (862ms)
				ProcessInitializeOnLoadMethodAttributes (45ms)
				AfterProcessingInitializeOnLoad (10ms)
				EditorAssembliesLoaded (0ms)
			ExecutionOrderSort2 (0ms)
			AwakeInstancesAfterBackupRestoration (9ms)
Platform modules already initialized, skipping
========================================================================
Worker process is ready to serve import requests
Launched and connected shader compiler UnityShaderCompiler.exe after 0.09 seconds
Refreshing native plugins compatible for Editor in 0.80 ms, found 4 plugins.
Preloading 0 native plugins for Editor in 0.00 ms.
Unloading 3912 Unused Serialized files (Serialized files now loaded: 0)
Unloading 43 unused Assets / (225.3 KB). Loaded Objects now: 4361.
Memory consumption went from 147.2 MB to 147.0 MB.
Total: 4.326100 ms (FindLiveObjects: 0.398500 ms CreateObjectMapping: 0.308000 ms MarkObjects: 3.414300 ms  DeleteObjects: 0.203700 ms)

AssetImportParameters requested are different than current active one (requested -> active):
  custom:video-decoder-ogg-theora: a1e56fd34408186e4bbccfd4996cb3dc -> 
  custom:container-muxer-webm: aa71ff27fc2769a1b78a27578f13a17b -> 
  custom:container-demuxer-webm: 4f35f7cbe854078d1ac9338744f61a02 -> 
  custom:video-encoder-webm-vp8: eb34c28f22e8b96e1ab97ce403110664 -> 
  custom:audio-encoder-webm-vorbis: bf7c407c2cedff20999df2af8eb42d56 -> 
  custom:framework-win-MediaFoundation: 216162199b28c13a410421893ffa2e32 -> 
  custom:container-demuxer-ogg: 62fdf1f143b41e24485cea50d1cbac27 -> 
  custom:video-decoder-webm-vp8: 9c59270c3fd7afecdb556c50c9e8de78 -> 
  custom:audio-decoder-ogg-vorbis: bf7c407c2cedff20999df2af8eb42d56 -> 
========================================================================
Received Import Request.
  Time since last request: 4733.831827 seconds.
  path: Assets/Gothicvania Cemetery Artwork/Sprites/hero
  artifactKey: Guid(fa7856773453e4fd08398a13bd8e02a2) Importer(815301076,1909f56bfc062723c751e8b465ee728b)
Start importing Assets/Gothicvania Cemetery Artwork/Sprites/hero using Guid(fa7856773453e4fd08398a13bd8e02a2) Importer(815301076,1909f56bfc062723c751e8b465ee728b)  -> (artifact id: 'c417b00d86e4a76b9c60181595785922') in 0.014878 seconds 
========================================================================
Received Import Request.
  Time since last request: 4.985547 seconds.
  path: Assets/Gothicvania Cemetery Artwork/Sprites/skeleton-rise
  artifactKey: Guid(57c105dfdb4534ae3a6b65d4d7dba69f) Importer(815301076,1909f56bfc062723c751e8b465ee728b)
Start importing Assets/Gothicvania Cemetery Artwork/Sprites/skeleton-rise using Guid(57c105dfdb4534ae3a6b65d4d7dba69f) Importer(815301076,1909f56bfc062723c751e8b465ee728b)  -> (artifact id: '5b780ac7e267e84f66bf103d73cb2c6a') in 0.010074 seconds 
========================================================================
Received Import Request.
  Time since last request: 0.030763 seconds.
  path: Assets/Gothicvania Cemetery Artwork/Sprites/skeleton-rise/skeleton-rise-1.png
  artifactKey: Guid(d18eab46d609f4d08b99c900f2571616) Importer(815301076,1909f56bfc062723c751e8b465ee728b)
Start importing Assets/Gothicvania Cemetery Artwork/Sprites/skeleton-rise/skeleton-rise-1.png using Guid(d18eab46d609f4d08b99c900f2571616) Importer(815301076,1909f56bfc062723c751e8b465ee728b)  -> (artifact id: '94dfc6d826ef7dc9039d7768fedc6762') in 0.208396 seconds 
========================================================================
Received Import Request.
  Time since last request: 41.026915 seconds.
  path: Assets/skeleton-rise-6.png
  artifactKey: Guid(05459a2bb2a0a9f4c88e68a768133b71) Importer(815301076,1909f56bfc062723c751e8b465ee728b)
Start importing Assets/skeleton-rise-6.png using Guid(05459a2bb2a0a9f4c88e68a768133b71) Importer(815301076,1909f56bfc062723c751e8b465ee728b)  -> (artifact id: 'bef945e9d0b6e7d913b42535f723b55c') in 0.019184 seconds 
========================================================================
Received Import Request.
  Time since last request: 47.785690 seconds.
  path: Assets/Libraries
  artifactKey: Guid(6075f93b1b51c2c408639dea7ac5aaee) Importer(815301076,1909f56bfc062723c751e8b465ee728b)
Start importing Assets/Libraries using Guid(6075f93b1b51c2c408639dea7ac5aaee) Importer(815301076,1909f56bfc062723c751e8b465ee728b)  -> (artifact id: '0bc29f045d05c0232c7c0b3166c6f2ae') in 0.009257 seconds 
========================================================================
Received Prepare
Registering precompiled user dll's ...
Registered in 0.011009 seconds.
Begin MonoManager ReloadAssembly
Symbol file LoadedFromMemory doesn't match image C:\Users\15053\Desktop\unity\JS-4150-midterm\Library\PackageCache\com.unity.visualscripting@1.7.6\Editor\VisualScripting.Core\Dependencies\YamlDotNet\Unity.VisualScripting.YamlDotNet.dll
Symbol file LoadedFromMemory doesn't match image C:\Users\15053\Desktop\unity\JS-4150-midterm\Library\PackageCache\com.unity.visualscripting@1.7.6\Editor\VisualScripting.Core\Dependencies\DotNetZip\Unity.VisualScripting.IonicZip.dll
Native extension for WindowsStandalone target not found
Refreshing native plugins compatible for Editor in 1.14 ms, found 4 plugins.
Preloading 0 native plugins for Editor in 0.00 ms.
Mono: successfully reloaded assembly
- Completed reload, in  1.772 seconds
Domain Reload Profiling:
	ReloadAssembly (1774ms)
		BeginReloadAssembly (183ms)
			ExecutionOrderSort (0ms)
			DisableScriptedObjects (11ms)
			BackupInstance (0ms)
			ReleaseScriptingObjects (0ms)
			CreateAndSetChildDomain (53ms)
		EndReloadAssembly (1446ms)
			LoadAssemblies (111ms)
			RebuildTransferFunctionScriptingTraits (0ms)
			SetupTypeCache (519ms)
			ReleaseScriptCaches (2ms)
			RebuildScriptCaches (67ms)
			SetupLoadedEditorAssemblies (641ms)
				LogAssemblyErrors (0ms)
				InitializePlatformSupportModulesInManaged (17ms)
				SetLoadedEditorAssemblies (1ms)
				RefreshPlugins (1ms)
				BeforeProcessingInitializeOnLoad (114ms)
				ProcessInitializeOnLoadAttributes (436ms)
				ProcessInitializeOnLoadMethodAttributes (57ms)
				AfterProcessingInitializeOnLoad (15ms)
				EditorAssembliesLoaded (1ms)
			ExecutionOrderSort2 (0ms)
			AwakeInstancesAfterBackupRestoration (37ms)
Platform modules already initialized, skipping
Refreshing native plugins compatible for Editor in 0.85 ms, found 4 plugins.
Preloading 0 native plugins for Editor in 0.00 ms.
Unloading 3908 Unused Serialized files (Serialized files now loaded: 0)
Unloading 32 unused Assets / (192.1 KB). Loaded Objects now: 4398.
Memory consumption went from 152.3 MB to 152.1 MB.
Total: 4.638700 ms (FindLiveObjects: 0.397200 ms CreateObjectMapping: 0.381200 ms MarkObjects: 3.670500 ms  DeleteObjects: 0.188700 ms)

AssetImportParameters requested are different than current active one (requested -> active):
  custom:video-decoder-ogg-theora: a1e56fd34408186e4bbccfd4996cb3dc -> 
  custom:container-muxer-webm: aa71ff27fc2769a1b78a27578f13a17b -> 
  custom:container-demuxer-webm: 4f35f7cbe854078d1ac9338744f61a02 -> 
  custom:video-encoder-webm-vp8: eb34c28f22e8b96e1ab97ce403110664 -> 
  custom:audio-encoder-webm-vorbis: bf7c407c2cedff20999df2af8eb42d56 -> 
  custom:framework-win-MediaFoundation: 216162199b28c13a410421893ffa2e32 -> 
  custom:container-demuxer-ogg: 62fdf1f143b41e24485cea50d1cbac27 -> 
  custom:video-decoder-webm-vp8: 9c59270c3fd7afecdb556c50c9e8de78 -> 
  custom:audio-decoder-ogg-vorbis: bf7c407c2cedff20999df2af8eb42d56 -> 
========================================================================
Received Import Request.
  Time since last request: 19.879837 seconds.
  path: Assets/Scripted
  artifactKey: Guid(310b06bc9d5130c47a3f8ebdbab11368) Importer(815301076,1909f56bfc062723c751e8b465ee728b)
Start importing Assets/Scripted using Guid(310b06bc9d5130c47a3f8ebdbab11368) Importer(815301076,1909f56bfc062723c751e8b465ee728b)  -> (artifact id: '4c6e4a2be7e95aa96a34b8630b7a5465') in 0.011999 seconds 
========================================================================
Received Import Request.
  Time since last request: 8.316119 seconds.
  path: Assets/Levels
  artifactKey: Guid(310b06bc9d5130c47a3f8ebdbab11368) Importer(815301076,1909f56bfc062723c751e8b465ee728b)
Start importing Assets/Levels using Guid(310b06bc9d5130c47a3f8ebdbab11368) Importer(815301076,1909f56bfc062723c751e8b465ee728b)  -> (artifact id: '101c5f06535768fcfe71ab7118333f8e') in 0.012026 seconds 
========================================================================
Received Import Request.
  Time since last request: 15.956939 seconds.
  path: Assets/Scripts
  artifactKey: Guid(310b06bc9d5130c47a3f8ebdbab11368) Importer(815301076,1909f56bfc062723c751e8b465ee728b)
Start importing Assets/Scripts using Guid(310b06bc9d5130c47a3f8ebdbab11368) Importer(815301076,1909f56bfc062723c751e8b465ee728b)  -> (artifact id: '67aff2e0a4192c13fd4100e83d441946') in 0.006952 seconds 
========================================================================
Received Import Request.
  Time since last request: 8.106414 seconds.
  path: Assets/Levels
  artifactKey: Guid(131a6b21c8605f84396be9f6751fb6e3) Importer(815301076,1909f56bfc062723c751e8b465ee728b)
Start importing Assets/Levels using Guid(131a6b21c8605f84396be9f6751fb6e3) Importer(815301076,1909f56bfc062723c751e8b465ee728b)  -> (artifact id: '7fc5c5a4777bd224e236bf21caa09fac') in 0.002727 seconds 
========================================================================
Received Import Request.
  Time since last request: 209.447881 seconds.
  path: Assets/Libraries/Warped City Assets
  artifactKey: Guid(16e58229d5cd99942ac616453803118f) Importer(815301076,1909f56bfc062723c751e8b465ee728b)
Start importing Assets/Libraries/Warped City Assets using Guid(16e58229d5cd99942ac616453803118f) Importer(815301076,1909f56bfc062723c751e8b465ee728b)  -> (artifact id: 'ae16cbba00c81cd2ee513db2f3841394') in 0.013345 seconds 
========================================================================
Received Import Request.
  Time since last request: 1.286602 seconds.
  path: Assets/Libraries/Warped City Assets/Scenes
  artifactKey: Guid(1d04794afb7db4b8bbc71b67b6cdc45b) Importer(815301076,1909f56bfc062723c751e8b465ee728b)
Start importing Assets/Libraries/Warped City Assets/Scenes using Guid(1d04794afb7db4b8bbc71b67b6cdc45b) Importer(815301076,1909f56bfc062723c751e8b465ee728b)  -> (artifact id: '911267a04874efd3ec1c2781b95cc973') in 0.002971 seconds 
========================================================================
Received Import Request.
  Time since last request: 3.086393 seconds.
  path: Assets/Libraries/Warped City Assets/Artwork
  artifactKey: Guid(34bbae92659a9409882cfb99b10a55c3) Importer(815301076,1909f56bfc062723c751e8b465ee728b)
Start importing Assets/Libraries/Warped City Assets/Artwork using Guid(34bbae92659a9409882cfb99b10a55c3) Importer(815301076,1909f56bfc062723c751e8b465ee728b)  -> (artifact id: '764dc2cd089093301e3a3ae768cf4bed') in 0.008513 seconds 
========================================================================
Received Import Request.
  Time since last request: 1.542989 seconds.
  path: Assets/Libraries/Warped City Assets/Artwork/ENVIRONMENT
  artifactKey: Guid(0b32bb64076194cdc8c80b149b6dfb0b) Importer(815301076,1909f56bfc062723c751e8b465ee728b)
Start importing Assets/Libraries/Warped City Assets/Artwork/ENVIRONMENT using Guid(0b32bb64076194cdc8c80b149b6dfb0b) Importer(815301076,1909f56bfc062723c751e8b465ee728b)  -> (artifact id: 'c10760f04c9798b671fff20ea0042f2e') in 0.007813 seconds 
========================================================================
Received Import Request.
  Time since last request: 0.050817 seconds.
  path: Assets/Libraries/Warped City Assets/Artwork/ENVIRONMENT/tileset.png
  artifactKey: Guid(e08e6a2f34edd4a7db4285eeddef84a8) Importer(815301076,1909f56bfc062723c751e8b465ee728b)
Start importing Assets/Libraries/Warped City Assets/Artwork/ENVIRONMENT/tileset.png using Guid(e08e6a2f34edd4a7db4285eeddef84a8) Importer(815301076,1909f56bfc062723c751e8b465ee728b)  -> (artifact id: 'b730cbfb8ac61ac9ef5e400cdf6e94da') in 0.073107 seconds 
========================================================================
Received Import Request.
  Time since last request: 2.021958 seconds.
  path: Assets/Libraries/Warped City Assets/Artwork/ENVIRONMENT/background
  artifactKey: Guid(9bafc5530d5cc47dcb650fdd43c02374) Importer(815301076,1909f56bfc062723c751e8b465ee728b)
Start importing Assets/Libraries/Warped City Assets/Artwork/ENVIRONMENT/background using Guid(9bafc5530d5cc47dcb650fdd43c02374) Importer(815301076,1909f56bfc062723c751e8b465ee728b)  -> (artifact id: '4f6c14d42bf5acd2a0e3328f81080660') in 0.003149 seconds 
========================================================================
Received Import Request.
  Time since last request: 0.087687 seconds.
  path: Assets/Libraries/Warped City Assets/Artwork/ENVIRONMENT/background/buildings-bg.png
  artifactKey: Guid(37d1bdb3e1de647ae915d01a2b7def15) Importer(815301076,1909f56bfc062723c751e8b465ee728b)
Start importing Assets/Libraries/Warped City Assets/Artwork/ENVIRONMENT/background/buildings-bg.png using Guid(37d1bdb3e1de647ae915d01a2b7def15) Importer(815301076,1909f56bfc062723c751e8b465ee728b)  -> (artifact id: '96012a38ebb0f5268a856cd5a0a12336') in 0.024995 seconds 
========================================================================
Received Import Request.
  Time since last request: 0.000027 seconds.
  path: Assets/Libraries/Warped City Assets/Artwork/ENVIRONMENT/background/skyline-a.png
  artifactKey: Guid(85e3b366cc43a412eaea4abb85da0cd3) Importer(815301076,1909f56bfc062723c751e8b465ee728b)
Start importing Assets/Libraries/Warped City Assets/Artwork/ENVIRONMENT/background/skyline-a.png using Guid(85e3b366cc43a412eaea4abb85da0cd3) Importer(815301076,1909f56bfc062723c751e8b465ee728b)  -> (artifact id: '3df3a94025ca99dcdcac8268dbe8d2d8') in 0.028536 seconds 
========================================================================
Received Import Request.
  Time since last request: 0.000158 seconds.
  path: Assets/Libraries/Warped City Assets/Artwork/ENVIRONMENT/background/skyline-b.png
  artifactKey: Guid(224884cef4f9549dc8e494a2c3f6ee87) Importer(815301076,1909f56bfc062723c751e8b465ee728b)
Start importing Assets/Libraries/Warped City Assets/Artwork/ENVIRONMENT/background/skyline-b.png using Guid(224884cef4f9549dc8e494a2c3f6ee87) Importer(815301076,1909f56bfc062723c751e8b465ee728b)  -> (artifact id: 'd232effcefad1a43971dae676e26af63') in 0.030226 seconds 
========================================================================
Received Import Request.
  Time since last request: 19.248498 seconds.
  path: Assets/Libraries/Gothicvania Cemetery Artwork/Environment
  artifactKey: Guid(a962f62f0695f486998bb7fbef833193) Importer(815301076,1909f56bfc062723c751e8b465ee728b)
Start importing Assets/Libraries/Gothicvania Cemetery Artwork/Environment using Guid(a962f62f0695f486998bb7fbef833193) Importer(815301076,1909f56bfc062723c751e8b465ee728b)  -> (artifact id: '6d42ab4e5a9b535452a8d16420b8ab72') in 0.007529 seconds 
========================================================================
Received Import Request.
  Time since last request: 0.048756 seconds.
  path: Assets/Libraries/Gothicvania Cemetery Artwork/Environment/background.png
  artifactKey: Guid(df73b4bce81f34a13ad5c1760f1a7a40) Importer(815301076,1909f56bfc062723c751e8b465ee728b)
Start importing Assets/Libraries/Gothicvania Cemetery Artwork/Environment/background.png using Guid(df73b4bce81f34a13ad5c1760f1a7a40) Importer(815301076,1909f56bfc062723c751e8b465ee728b)  -> (artifact id: '9211df7eb1c8c194241de7f5d1a90e8b') in 0.044908 seconds 
========================================================================
Received Import Request.
  Time since last request: 0.000029 seconds.
  path: Assets/Libraries/Gothicvania Cemetery Artwork/Environment/tileset-sliced.png
  artifactKey: Guid(297a514ba6a7c44e6a1eac9511e640e5) Importer(815301076,1909f56bfc062723c751e8b465ee728b)
Start importing Assets/Libraries/Gothicvania Cemetery Artwork/Environment/tileset-sliced.png using Guid(297a514ba6a7c44e6a1eac9511e640e5) Importer(815301076,1909f56bfc062723c751e8b465ee728b)  -> (artifact id: '602fe2b0ba9eec953ec1071d8d5b37f2') in 0.458455 seconds 
========================================================================
Received Import Request.
  Time since last request: 38.504289 seconds.
  path: Assets/Libraries/Gothicvania Cemetery Artwork/Environment/sliced-objects
  artifactKey: Guid(e716f3fd88bb44736b2bacf11a554769) Importer(815301076,1909f56bfc062723c751e8b465ee728b)
Start importing Assets/Libraries/Gothicvania Cemetery Artwork/Environment/sliced-objects using Guid(e716f3fd88bb44736b2bacf11a554769) Importer(815301076,1909f56bfc062723c751e8b465ee728b)  -> (artifact id: 'b3ec457904b4122fe972cd390a2b771c') in 0.011518 seconds 
========================================================================
Received Import Request.
  Time since last request: 0.047130 seconds.
  path: Assets/Libraries/Gothicvania Cemetery Artwork/Environment/sliced-objects/bush-large.png
  artifactKey: Guid(169c738601686406e9dc499aecfe1539) Importer(815301076,1909f56bfc062723c751e8b465ee728b)
Start importing Assets/Libraries/Gothicvania Cemetery Artwork/Environment/sliced-objects/bush-large.png using Guid(169c738601686406e9dc499aecfe1539) Importer(815301076,1909f56bfc062723c751e8b465ee728b)  -> (artifact id: '9d60776faedf4da512ceb191fd95a187') in 0.033608 seconds 
========================================================================
Received Import Request.
  Time since last request: 0.000029 seconds.
  path: Assets/Libraries/Gothicvania Cemetery Artwork/Environment/sliced-objects/stone-2.png
  artifactKey: Guid(ccbc321d821ff4ee4bff372e6fae0f3d) Importer(815301076,1909f56bfc062723c751e8b465ee728b)
Start importing Assets/Libraries/Gothicvania Cemetery Artwork/Environment/sliced-objects/stone-2.png using Guid(ccbc321d821ff4ee4bff372e6fae0f3d) Importer(815301076,1909f56bfc062723c751e8b465ee728b)  -> (artifact id: '92258fd65f30553941c5f7522e748f79') in 0.036499 seconds 
========================================================================
Received Import Request.
  Time since last request: 0.000035 seconds.
  path: Assets/Libraries/Gothicvania Cemetery Artwork/Environment/sliced-objects/stone-4.png
  artifactKey: Guid(a08a37b3e8fd348a6aa32f11d3a65b29) Importer(815301076,1909f56bfc062723c751e8b465ee728b)
Start importing Assets/Libraries/Gothicvania Cemetery Artwork/Environment/sliced-objects/stone-4.png using Guid(a08a37b3e8fd348a6aa32f11d3a65b29) Importer(815301076,1909f56bfc062723c751e8b465ee728b)  -> (artifact id: '637738a668ae9e398b920e73d74d400a') in 0.037273 seconds 
========================================================================
Received Import Request.
  Time since last request: 0.000044 seconds.
  path: Assets/Libraries/Gothicvania Cemetery Artwork/Environment/sliced-objects/tree-2.png
  artifactKey: Guid(52959829b05c3443bb826105c7399ae7) Importer(815301076,1909f56bfc062723c751e8b465ee728b)
Start importing Assets/Libraries/Gothicvania Cemetery Artwork/Environment/sliced-objects/tree-2.png using Guid(52959829b05c3443bb826105c7399ae7) Importer(815301076,1909f56bfc062723c751e8b465ee728b)  -> (artifact id: '0180fd0231c2f9aa74704f39aa48f168') in 0.045659 seconds 
========================================================================
Received Import Request.
  Time since last request: 0.000054 seconds.
  path: Assets/Libraries/Gothicvania Cemetery Artwork/Environment/sliced-objects/stone-3.png
  artifactKey: Guid(85e2e5d9c081f4980b3f2730fe87dfd7) Importer(815301076,1909f56bfc062723c751e8b465ee728b)
Start importing Assets/Libraries/Gothicvania Cemetery Artwork/Environment/sliced-objects/stone-3.png using Guid(85e2e5d9c081f4980b3f2730fe87dfd7) Importer(815301076,1909f56bfc062723c751e8b465ee728b)  -> (artifact id: 'e6396cb19fbcdc9bafe299290e067cd5') in 0.045920 seconds 
========================================================================
Received Import Request.
  Time since last request: 90.771390 seconds.
  path: ProjectSettings/TagManager.asset
  artifactKey: Guid(00000000000000003000000000000000) Importer(815301076,1909f56bfc062723c751e8b465ee728b)
Start importing ProjectSettings/TagManager.asset using Guid(00000000000000003000000000000000) Importer(815301076,1909f56bfc062723c751e8b465ee728b)  -> (artifact id: '5f74b9f0782f3ffe8a654b2b60a9f33c') in 0.010608 seconds 
========================================================================
Received Import Request.
  Time since last request: 708.867287 seconds.
  path: Assets/Libraries/Gothicvania Cemetery Artwork/Sprites/skeleton
  artifactKey: Guid(1af3bb645b64947fca82c4a0c9e368f8) Importer(815301076,1909f56bfc062723c751e8b465ee728b)
Start importing Assets/Libraries/Gothicvania Cemetery Artwork/Sprites/skeleton using Guid(1af3bb645b64947fca82c4a0c9e368f8) Importer(815301076,1909f56bfc062723c751e8b465ee728b)  -> (artifact id: '564ef6b8b7e07543cd9ff83bed70b1b2') in 0.024304 seconds 
========================================================================
Received Import Request.
  Time since last request: 0.000161 seconds.
  path: Assets/Libraries/Gothicvania Cemetery Artwork/Sprites/skeleton/skeleton-6.png
  artifactKey: Guid(fc69ca891045b4c4fa63ad8e8adcb0a4) Importer(815301076,1909f56bfc062723c751e8b465ee728b)
Start importing Assets/Libraries/Gothicvania Cemetery Artwork/Sprites/skeleton/skeleton-6.png using Guid(fc69ca891045b4c4fa63ad8e8adcb0a4) Importer(815301076,1909f56bfc062723c751e8b465ee728b)  -> (artifact id: '87dffd3eca647f73e1b285512ddfdac3') in 0.222500 seconds 
========================================================================
Received Import Request.
  Time since last request: 0.000043 seconds.
  path: Assets/Libraries/Gothicvania Cemetery Artwork/Sprites/skeleton/skeleton-2.png
  artifactKey: Guid(669f93acf538644e4b4006f1254584bf) Importer(815301076,1909f56bfc062723c751e8b465ee728b)
Start importing Assets/Libraries/Gothicvania Cemetery Artwork/Sprites/skeleton/skeleton-2.png using Guid(669f93acf538644e4b4006f1254584bf) Importer(815301076,1909f56bfc062723c751e8b465ee728b)  -> (artifact id: '8704a4d310e915821fc275efa738b6ed') in 0.041287 seconds 
========================================================================
Received Import Request.
  Time since last request: 0.000067 seconds.
  path: Assets/Libraries/Gothicvania Cemetery Artwork/Sprites/skeleton/skeleton-4.png
  artifactKey: Guid(f6ae5c6eb3851473aae131afd6eefb86) Importer(815301076,1909f56bfc062723c751e8b465ee728b)
Start importing Assets/Libraries/Gothicvania Cemetery Artwork/Sprites/skeleton/skeleton-4.png using Guid(f6ae5c6eb3851473aae131afd6eefb86) Importer(815301076,1909f56bfc062723c751e8b465ee728b)  -> (artifact id: 'ccfc4704740ae8abb4d73c8f1aa67f2c') in 0.041534 seconds 
========================================================================
Received Import Request.
  Time since last request: 0.000070 seconds.
  path: Assets/Libraries/Gothicvania Cemetery Artwork/Sprites/skeleton/skeleton-8.png
  artifactKey: Guid(5eecfe529c8c346bd99ca1b28638f8e1) Importer(815301076,1909f56bfc062723c751e8b465ee728b)
Start importing Assets/Libraries/Gothicvania Cemetery Artwork/Sprites/skeleton/skeleton-8.png using Guid(5eecfe529c8c346bd99ca1b28638f8e1) Importer(815301076,1909f56bfc062723c751e8b465ee728b)  -> (artifact id: '75e9cc768472a6abc86a934ce1e9a8f6') in 0.041025 seconds 
========================================================================
Received Import Request.
  Time since last request: 0.000035 seconds.
  path: Assets/Libraries/Gothicvania Cemetery Artwork/Sprites/skeleton/skeleton-5.png
  artifactKey: Guid(2d54e9cca4323409ca3a67d12ae4bd25) Importer(815301076,1909f56bfc062723c751e8b465ee728b)
Start importing Assets/Libraries/Gothicvania Cemetery Artwork/Sprites/skeleton/skeleton-5.png using Guid(2d54e9cca4323409ca3a67d12ae4bd25) Importer(815301076,1909f56bfc062723c751e8b465ee728b)  -> (artifact id: '17c7c4262dcf761960bfb3a0aed1a5d2') in 0.036515 seconds 
========================================================================
Received Import Request.
  Time since last request: 0.000029 seconds.
  path: Assets/Libraries/Gothicvania Cemetery Artwork/Sprites/skeleton/skeleton-7.png
  artifactKey: Guid(3a37352b56a2d463e97ce29cdacca279) Importer(815301076,1909f56bfc062723c751e8b465ee728b)
Start importing Assets/Libraries/Gothicvania Cemetery Artwork/Sprites/skeleton/skeleton-7.png using Guid(3a37352b56a2d463e97ce29cdacca279) Importer(815301076,1909f56bfc062723c751e8b465ee728b)  -> (artifact id: '4cafea235b8fa836672161bff6228647') in 0.038622 seconds 
========================================================================
Received Import Request.
  Time since last request: 0.000028 seconds.
  path: Assets/Libraries/Gothicvania Cemetery Artwork/Sprites/skeleton/skeleton-3.png
  artifactKey: Guid(8c88c4f4340b14d1bb3506e2d2dc27cd) Importer(815301076,1909f56bfc062723c751e8b465ee728b)
Start importing Assets/Libraries/Gothicvania Cemetery Artwork/Sprites/skeleton/skeleton-3.png using Guid(8c88c4f4340b14d1bb3506e2d2dc27cd) Importer(815301076,1909f56bfc062723c751e8b465ee728b)  -> (artifact id: '521bd05d5df05e064d4c4a5d014a8bd8') in 0.037055 seconds 
========================================================================
Received Import Request.
  Time since last request: 71.864579 seconds.
  path: Assets/Libraries/Gothicvania Cemetery Artwork/Sprites/skeleton-clothed
  artifactKey: Guid(d1b08ae60dbeb40378d9d7324d85bd7d) Importer(815301076,1909f56bfc062723c751e8b465ee728b)
Start importing Assets/Libraries/Gothicvania Cemetery Artwork/Sprites/skeleton-clothed using Guid(d1b08ae60dbeb40378d9d7324d85bd7d) Importer(815301076,1909f56bfc062723c751e8b465ee728b)  -> (artifact id: '6df465aa9877930e68ef858f9cf537db') in 0.010041 seconds 
========================================================================
Received Import Request.
  Time since last request: 0.213263 seconds.
  path: Assets/Libraries/Gothicvania Cemetery Artwork/Sprites/skeleton-clothed/skeleton-clothed-1.png
  artifactKey: Guid(70503d71a0abb4818823e52b03def6e7) Importer(815301076,1909f56bfc062723c751e8b465ee728b)
Start importing Assets/Libraries/Gothicvania Cemetery Artwork/Sprites/skeleton-clothed/skeleton-clothed-1.png using Guid(70503d71a0abb4818823e52b03def6e7) Importer(815301076,1909f56bfc062723c751e8b465ee728b)  -> (artifact id: '511a90a8cc7c25dcc2c17aa5fce5fa48') in 0.050875 seconds 
========================================================================
Received Import Request.
  Time since last request: 0.000026 seconds.
  path: Assets/Libraries/Gothicvania Cemetery Artwork/Sprites/skeleton-clothed/skeleton-clothed-4.png
  artifactKey: Guid(c7d83ea6e359a4ee9943372cba4542d0) Importer(815301076,1909f56bfc062723c751e8b465ee728b)
Start importing Assets/Libraries/Gothicvania Cemetery Artwork/Sprites/skeleton-clothed/skeleton-clothed-4.png using Guid(c7d83ea6e359a4ee9943372cba4542d0) Importer(815301076,1909f56bfc062723c751e8b465ee728b)  -> (artifact id: '8bdc4e436f1f3cea2a479550251d343f') in 0.046804 seconds 
========================================================================
Received Import Request.
  Time since last request: 0.000034 seconds.
  path: Assets/Libraries/Gothicvania Cemetery Artwork/Sprites/skeleton-clothed/skeleton-clothed-5.png
  artifactKey: Guid(aabc1c19f969648f1b7f276f8fbe99c8) Importer(815301076,1909f56bfc062723c751e8b465ee728b)
Start importing Assets/Libraries/Gothicvania Cemetery Artwork/Sprites/skeleton-clothed/skeleton-clothed-5.png using Guid(aabc1c19f969648f1b7f276f8fbe99c8) Importer(815301076,1909f56bfc062723c751e8b465ee728b)  -> (artifact id: 'd03fa8eaf1378d15b09638d152e115e8') in 0.054636 seconds 
========================================================================
Received Import Request.
  Time since last request: 0.000195 seconds.
  path: Assets/Libraries/Gothicvania Cemetery Artwork/Sprites/skeleton-clothed/skeleton-clothed-7.png
  artifactKey: Guid(a56bbfeb88ec440b5bc29a32f5368038) Importer(815301076,1909f56bfc062723c751e8b465ee728b)
Start importing Assets/Libraries/Gothicvania Cemetery Artwork/Sprites/skeleton-clothed/skeleton-clothed-7.png using Guid(a56bbfeb88ec440b5bc29a32f5368038) Importer(815301076,1909f56bfc062723c751e8b465ee728b)  -> (artifact id: '20a6e85af3ca67f3f312b7bba55fa1f4') in 0.046642 seconds 
========================================================================
Received Import Request.
  Time since last request: 9.662058 seconds.
  path: Assets/Libraries/Gothicvania Cemetery Artwork/Sprites/skeleton-rise-clothed
  artifactKey: Guid(4a95a0ea901a346ff8f083e0699c0a2e) Importer(815301076,1909f56bfc062723c751e8b465ee728b)
Start importing Assets/Libraries/Gothicvania Cemetery Artwork/Sprites/skeleton-rise-clothed using Guid(4a95a0ea901a346ff8f083e0699c0a2e) Importer(815301076,1909f56bfc062723c751e8b465ee728b)  -> (artifact id: 'bf87cd211b6fbd97e3dc7c418ac6c741') in 0.010280 seconds 
========================================================================
Received Import Request.
  Time since last request: 0.056474 seconds.
  path: Assets/Libraries/Gothicvania Cemetery Artwork/Sprites/skeleton-rise-clothed/skeleton-rise-clothed-1.png
  artifactKey: Guid(6cb7136c0ba4d493bbb512266a2e5b51) Importer(815301076,1909f56bfc062723c751e8b465ee728b)
Start importing Assets/Libraries/Gothicvania Cemetery Artwork/Sprites/skeleton-rise-clothed/skeleton-rise-clothed-1.png using Guid(6cb7136c0ba4d493bbb512266a2e5b51) Importer(815301076,1909f56bfc062723c751e8b465ee728b)  -> (artifact id: '3d79397be92b6ce4884ea41586c59df8') in 0.034233 seconds 
========================================================================
Received Import Request.
  Time since last request: 0.000035 seconds.
  path: Assets/Libraries/Gothicvania Cemetery Artwork/Sprites/skeleton-rise-clothed/skeleton-rise-clothed-5.png
  artifactKey: Guid(6d4734b50e97f44faac533f157541747) Importer(815301076,1909f56bfc062723c751e8b465ee728b)
Start importing Assets/Libraries/Gothicvania Cemetery Artwork/Sprites/skeleton-rise-clothed/skeleton-rise-clothed-5.png using Guid(6d4734b50e97f44faac533f157541747) Importer(815301076,1909f56bfc062723c751e8b465ee728b)  -> (artifact id: 'ddb7d97217a54a7ef27519524f00ade6') in 0.042611 seconds 
Editor requested this worker to shutdown with reason: Scaling down because of idle timeout
AssetImportWorker is now disconnected from the server
Process exiting
Exiting without the bug reporter. Application will terminate with return code 0