Using pre-set license
Built from '2021.2/staging' branch; Version is '2021.2.8f1 (d0e5f0a7b06a) revision 13690352'; Using compiler version '192829333'; Build Type 'Release'
OS: 'Windows 10  (10.0.19044) 64bit Professional' Language: 'en' Physical Memory: 7981 MB
BatchMode: 1, IsHumanControllingUs: 0, StartBugReporterOnCrash: 0, Is64bit: 1, IsPro: 0

COMMAND LINE ARGUMENTS:
C:\Program Files\Unity\Hub\Editor\2021.2.8f1\Editor\Unity.exe
-adb2
-batchMode
-noUpm
-name
AssetImportWorker0
-projectPath
C:/Users/15053/Desktop/unity/JS-4150-midterm
-logFile
Logs/AssetImportWorker0.log
-srvPort
55554
Successfully changed project path to: C:/Users/15053/Desktop/unity/JS-4150-midterm
C:/Users/15053/Desktop/unity/JS-4150-midterm
[UnityMemory] Configuration Parameters - Can be set up in boot.config
    "memorysetup-bucket-allocator-granularity=16"
    "memorysetup-bucket-allocator-bucket-count=8"
    "memorysetup-bucket-allocator-block-size=33554432"
    "memorysetup-bucket-allocator-block-count=8"
    "memorysetup-main-allocator-block-size=16777216"
    "memorysetup-thread-allocator-block-size=16777216"
    "memorysetup-gfx-main-allocator-block-size=16777216"
    "memorysetup-gfx-thread-allocator-block-size=16777216"
    "memorysetup-cache-allocator-block-size=4194304"
    "memorysetup-typetree-allocator-block-size=2097152"
    "memorysetup-profiler-bucket-allocator-granularity=16"
    "memorysetup-profiler-bucket-allocator-bucket-count=8"
    "memorysetup-profiler-bucket-allocator-block-size=33554432"
    "memorysetup-profiler-bucket-allocator-block-count=8"
    "memorysetup-profiler-allocator-block-size=16777216"
    "memorysetup-profiler-editor-allocator-block-size=1048576"
    "memorysetup-temp-allocator-size-main=16777216"
    "memorysetup-job-temp-allocator-block-size=2097152"
    "memorysetup-job-temp-allocator-block-size-background=1048576"
    "memorysetup-job-temp-allocator-reduction-small-platforms=262144"
    "memorysetup-temp-allocator-size-background-worker=32768"
    "memorysetup-temp-allocator-size-job-worker=262144"
    "memorysetup-temp-allocator-size-preload-manager=33554432"
    "memorysetup-temp-allocator-size-nav-mesh-worker=65536"
    "memorysetup-temp-allocator-size-audio-worker=65536"
    "memorysetup-temp-allocator-size-cloud-worker=32768"
    "memorysetup-temp-allocator-size-gi-baking-worker=262144"
    "memorysetup-temp-allocator-size-gfx=262144"
Refreshing native plugins compatible for Editor in 282.27 ms, found 4 plugins.
Preloading 0 native plugins for Editor in 0.00 ms.
Initialize engine version: 2021.2.8f1 (d0e5f0a7b06a)
[Subsystems] Discovering subsystems at path C:/Program Files/Unity/Hub/Editor/2021.2.8f1/Editor/Data/Resources/UnitySubsystems
[Subsystems] Discovering subsystems at path C:/Users/15053/Desktop/unity/JS-4150-midterm/Assets
GfxDevice: creating device client; threaded=0; jobified=0
Direct3D:
    Version:  Direct3D 11.0 [level 11.1]
    Renderer: NVIDIA GeForce GTX 1650 Ti (ID=0x1f95)
    Vendor:   NVIDIA
    VRAM:     3962 MB
    Driver:   30.0.14.9729
Initialize mono
Mono path[0] = 'C:/Program Files/Unity/Hub/Editor/2021.2.8f1/Editor/Data/Managed'
Mono path[1] = 'C:/Program Files/Unity/Hub/Editor/2021.2.8f1/Editor/Data/MonoBleedingEdge/lib/mono/unityjit-win32'
Mono config path = 'C:/Program Files/Unity/Hub/Editor/2021.2.8f1/Editor/Data/MonoBleedingEdge/etc'
Using monoOptions --debugger-agent=transport=dt_socket,embedding=1,server=y,suspend=n,address=127.0.0.1:56652
Begin MonoManager ReloadAssembly
Registering precompiled unity dll's ...
Register platform support module: C:/Program Files/Unity/Hub/Editor/2021.2.8f1/Editor/Data/PlaybackEngines/WindowsStandaloneSupport/UnityEditor.WindowsStandalone.Extensions.dll
Registered in 0.010364 seconds.
Native extension for WindowsStandalone target not found
Refreshing native plugins compatible for Editor in 149.53 ms, found 4 plugins.
Preloading 0 native plugins for Editor in 0.00 ms.
Mono: successfully reloaded assembly
- Completed reload, in  0.977 seconds
Domain Reload Profiling:
	ReloadAssembly (978ms)
		BeginReloadAssembly (159ms)
			ExecutionOrderSort (0ms)
			DisableScriptedObjects (0ms)
			BackupInstance (0ms)
			ReleaseScriptingObjects (0ms)
			CreateAndSetChildDomain (2ms)
		EndReloadAssembly (706ms)
			LoadAssemblies (153ms)
			RebuildTransferFunctionScriptingTraits (0ms)
			SetupTypeCache (144ms)
			ReleaseScriptCaches (0ms)
			RebuildScriptCaches (39ms)
			SetupLoadedEditorAssemblies (448ms)
				LogAssemblyErrors (0ms)
				InitializePlatformSupportModulesInManaged (25ms)
				SetLoadedEditorAssemblies (0ms)
				RefreshPlugins (150ms)
				BeforeProcessingInitializeOnLoad (2ms)
				ProcessInitializeOnLoadAttributes (204ms)
				ProcessInitializeOnLoadMethodAttributes (66ms)
				AfterProcessingInitializeOnLoad (0ms)
				EditorAssembliesLoaded (0ms)
			ExecutionOrderSort2 (0ms)
			AwakeInstancesAfterBackupRestoration (0ms)
Platform modules already initialized, skipping
Registering precompiled user dll's ...
Registered in 0.080703 seconds.
Begin MonoManager ReloadAssembly
Symbol file LoadedFromMemory doesn't match image C:\Users\15053\Desktop\unity\JS-4150-midterm\Library\PackageCache\com.unity.visualscripting@1.7.6\Editor\VisualScripting.Core\Dependencies\YamlDotNet\Unity.VisualScripting.YamlDotNet.dll
Symbol file LoadedFromMemory doesn't match image C:\Users\15053\Desktop\unity\JS-4150-midterm\Library\PackageCache\com.unity.visualscripting@1.7.6\Editor\VisualScripting.Core\Dependencies\DotNetZip\Unity.VisualScripting.IonicZip.dll
Native extension for WindowsStandalone target not found
Refreshing native plugins compatible for Editor in 125.16 ms, found 4 plugins.
Preloading 0 native plugins for Editor in 0.00 ms.
Mono: successfully reloaded assembly
- Completed reload, in  2.257 seconds
Domain Reload Profiling:
	ReloadAssembly (2260ms)
		BeginReloadAssembly (173ms)
			ExecutionOrderSort (0ms)
			DisableScriptedObjects (12ms)
			BackupInstance (0ms)
			ReleaseScriptingObjects (0ms)
			CreateAndSetChildDomain (26ms)
		EndReloadAssembly (1935ms)
			LoadAssemblies (231ms)
			RebuildTransferFunctionScriptingTraits (0ms)
			SetupTypeCache (358ms)
			ReleaseScriptCaches (1ms)
			RebuildScriptCaches (78ms)
			SetupLoadedEditorAssemblies (1217ms)
				LogAssemblyErrors (0ms)
				InitializePlatformSupportModulesInManaged (16ms)
				SetLoadedEditorAssemblies (0ms)
				RefreshPlugins (125ms)
				BeforeProcessingInitializeOnLoad (133ms)
				ProcessInitializeOnLoadAttributes (884ms)
				ProcessInitializeOnLoadMethodAttributes (47ms)
				AfterProcessingInitializeOnLoad (10ms)
				EditorAssembliesLoaded (0ms)
			ExecutionOrderSort2 (0ms)
			AwakeInstancesAfterBackupRestoration (9ms)
Platform modules already initialized, skipping
========================================================================
Worker process is ready to serve import requests
Launched and connected shader compiler UnityShaderCompiler.exe after 0.08 seconds
Refreshing native plugins compatible for Editor in 1.40 ms, found 4 plugins.
Preloading 0 native plugins for Editor in 0.00 ms.
Unloading 3903 Unused Serialized files (Serialized files now loaded: 0)
Unloading 43 unused Assets / (225.5 KB). Loaded Objects now: 4352.
Memory consumption went from 146.8 MB to 146.6 MB.
Total: 4.401800 ms (FindLiveObjects: 0.458300 ms CreateObjectMapping: 0.368400 ms MarkObjects: 3.394100 ms  DeleteObjects: 0.174500 ms)

AssetImportParameters requested are different than current active one (requested -> active):
  custom:video-decoder-ogg-theora: a1e56fd34408186e4bbccfd4996cb3dc -> 
  custom:container-muxer-webm: aa71ff27fc2769a1b78a27578f13a17b -> 
  custom:container-demuxer-webm: 4f35f7cbe854078d1ac9338744f61a02 -> 
  custom:video-encoder-webm-vp8: eb34c28f22e8b96e1ab97ce403110664 -> 
  custom:audio-encoder-webm-vorbis: bf7c407c2cedff20999df2af8eb42d56 -> 
  custom:framework-win-MediaFoundation: 216162199b28c13a410421893ffa2e32 -> 
  custom:container-demuxer-ogg: 62fdf1f143b41e24485cea50d1cbac27 -> 
  custom:video-decoder-webm-vp8: 9c59270c3fd7afecdb556c50c9e8de78 -> 
  custom:audio-decoder-ogg-vorbis: bf7c407c2cedff20999df2af8eb42d56 -> 
========================================================================
Received Import Request.
  Time since last request: 3764.652825 seconds.
  path: Assets/Scenes/SampleScene.unity
  artifactKey: Guid(2cda990e2423bbf4892e6590ba056729) Importer(815301076,1909f56bfc062723c751e8b465ee728b)
Start importing Assets/Scenes/SampleScene.unity using Guid(2cda990e2423bbf4892e6590ba056729) Importer(815301076,1909f56bfc062723c751e8b465ee728b)  -> (artifact id: 'bda695abd087c14fe925f85752aa01cb') in 0.022323 seconds 
========================================================================
Received Import Request.
  Time since last request: 8.859195 seconds.
  path: Assets/Scenes/LevelOne.unity
  artifactKey: Guid(2cda990e2423bbf4892e6590ba056729) Importer(815301076,1909f56bfc062723c751e8b465ee728b)
Start importing Assets/Scenes/LevelOne.unity using Guid(2cda990e2423bbf4892e6590ba056729) Importer(815301076,1909f56bfc062723c751e8b465ee728b)  -> (artifact id: '98d44331800e30a5fe679cda3e08229b') in 0.012044 seconds 
========================================================================
Received Import Request.
  Time since last request: 49.609884 seconds.
  path: Assets
  artifactKey: Guid(00000000000000001000000000000000) Importer(815301076,1909f56bfc062723c751e8b465ee728b)
Start importing Assets using Guid(00000000000000001000000000000000) Importer(815301076,1909f56bfc062723c751e8b465ee728b)  -> (artifact id: '79842766b460edbeab6a34051e857a80') in 0.011526 seconds 
========================================================================
Received Import Request.
  Time since last request: 390.668176 seconds.
  path: Assets/2D Zombie
  artifactKey: Guid(e9e0d2fff32bc66418ebac12d8a85fcf) Importer(815301076,1909f56bfc062723c751e8b465ee728b)
Start importing Assets/2D Zombie using Guid(e9e0d2fff32bc66418ebac12d8a85fcf) Importer(815301076,1909f56bfc062723c751e8b465ee728b)  -> (artifact id: 'f5039012c84bdb8131243f98fa1cf644') in 0.010187 seconds 
========================================================================
Received Import Request.
  Time since last request: 11.536761 seconds.
  path: Assets/2D Zombie/Background/background.png
  artifactKey: Guid(b6fbc871353de3c4f90fab43fb82f3d1) Importer(815301076,1909f56bfc062723c751e8b465ee728b)
Start importing Assets/2D Zombie/Background/background.png using Guid(b6fbc871353de3c4f90fab43fb82f3d1) Importer(815301076,1909f56bfc062723c751e8b465ee728b)  -> (artifact id: '975ecc39f7c0180ee9fca2cc86d0d0a5') in 0.486382 seconds 
========================================================================
Received Import Request.
  Time since last request: 0.000046 seconds.
  path: Assets/2D Zombie/Background/parallax_front.png
  artifactKey: Guid(c93c83e465662b548854629cc9fa717c) Importer(815301076,1909f56bfc062723c751e8b465ee728b)
Start importing Assets/2D Zombie/Background/parallax_front.png using Guid(c93c83e465662b548854629cc9fa717c) Importer(815301076,1909f56bfc062723c751e8b465ee728b)  -> (artifact id: '71f7144c073b9c520542256de742bede') in 0.122211 seconds 
========================================================================
Received Import Request.
  Time since last request: 7.582094 seconds.
  path: Assets/2D Zombie/Spine2D Files/images/01_arm_right_n.png
  artifactKey: Guid(4a4e37fcbbe7aa640b815ae4fcc27e49) Importer(815301076,1909f56bfc062723c751e8b465ee728b)
Start importing Assets/2D Zombie/Spine2D Files/images/01_arm_right_n.png using Guid(4a4e37fcbbe7aa640b815ae4fcc27e49) Importer(815301076,1909f56bfc062723c751e8b465ee728b)  -> (artifact id: '8d8894af7dd3dd7bc9edc2502e9bd14f') in 0.054419 seconds 
========================================================================
Received Import Request.
  Time since last request: 0.000039 seconds.
  path: Assets/2D Zombie/Spine2D Files/images/leg_left-7.png
  artifactKey: Guid(7733cb71e24e6e842b9e09c74d63bfca) Importer(815301076,1909f56bfc062723c751e8b465ee728b)
Start importing Assets/2D Zombie/Spine2D Files/images/leg_left-7.png using Guid(7733cb71e24e6e842b9e09c74d63bfca) Importer(815301076,1909f56bfc062723c751e8b465ee728b)  -> (artifact id: 'f36421019d63b6d5b27efdf8cf395c28') in 0.044848 seconds 
========================================================================
Received Import Request.
  Time since last request: 0.000043 seconds.
  path: Assets/2D Zombie/Spine2D Files/images/01_leg_right_n.png
  artifactKey: Guid(8afc32a443237b24aa361efc7b58e80c) Importer(815301076,1909f56bfc062723c751e8b465ee728b)
Start importing Assets/2D Zombie/Spine2D Files/images/01_leg_right_n.png using Guid(8afc32a443237b24aa361efc7b58e80c) Importer(815301076,1909f56bfc062723c751e8b465ee728b)  -> (artifact id: 'bba884663b591c77b059387e72e32c32') in 0.056946 seconds 
========================================================================
Received Import Request.
  Time since last request: 3.391052 seconds.
  path: Assets/2D Zombie/Unity Native Animations/Zombie_Normal_Atlas.asset
  artifactKey: Guid(cc0fbd8d5bf72d64ea33da86355fe557) Importer(815301076,1909f56bfc062723c751e8b465ee728b)
Start importing Assets/2D Zombie/Unity Native Animations/Zombie_Normal_Atlas.asset using Guid(cc0fbd8d5bf72d64ea33da86355fe557) Importer(815301076,1909f56bfc062723c751e8b465ee728b)  -> (artifact id: '2cb26f703e125addcaeeee67a9199b95') in 0.021097 seconds 
========================================================================
Received Import Request.
  Time since last request: 0.000030 seconds.
  path: Assets/2D Zombie/Unity Native Animations/Zombie_Normal_SkeletonData.asset
  artifactKey: Guid(1acea0dfe92c6fe48ab7537f5e155584) Importer(815301076,1909f56bfc062723c751e8b465ee728b)
Start importing Assets/2D Zombie/Unity Native Animations/Zombie_Normal_SkeletonData.asset using Guid(1acea0dfe92c6fe48ab7537f5e155584) Importer(815301076,1909f56bfc062723c751e8b465ee728b)  -> (artifact id: '7c8a84d94b179cb172d561b11742b662') in 0.007361 seconds 
Editor requested this worker to shutdown with reason: Scaling down because of idle timeout
AssetImportWorker is now disconnected from the server
Process exiting
Exiting without the bug reporter. Application will terminate with return code 0