Using pre-set license
Built from '2021.2/staging' branch; Version is '2021.2.8f1 (d0e5f0a7b06a) revision 13690352'; Using compiler version '192829333'; Build Type 'Release'
OS: 'Windows 10  (10.0.19044) 64bit Professional' Language: 'en' Physical Memory: 7981 MB
BatchMode: 1, IsHumanControllingUs: 0, StartBugReporterOnCrash: 0, Is64bit: 1, IsPro: 0

COMMAND LINE ARGUMENTS:
C:\Program Files\Unity\Hub\Editor\2021.2.8f1\Editor\Unity.exe
-adb2
-batchMode
-noUpm
-name
AssetImportWorker2
-projectPath
C:/Users/15053/Desktop/unity/JS-4150-midterm
-logFile
Logs/AssetImportWorker2.log
-srvPort
55554
Successfully changed project path to: C:/Users/15053/Desktop/unity/JS-4150-midterm
C:/Users/15053/Desktop/unity/JS-4150-midterm
[UnityMemory] Configuration Parameters - Can be set up in boot.config
    "memorysetup-bucket-allocator-granularity=16"
    "memorysetup-bucket-allocator-bucket-count=8"
    "memorysetup-bucket-allocator-block-size=33554432"
    "memorysetup-bucket-allocator-block-count=8"
    "memorysetup-main-allocator-block-size=16777216"
    "memorysetup-thread-allocator-block-size=16777216"
    "memorysetup-gfx-main-allocator-block-size=16777216"
    "memorysetup-gfx-thread-allocator-block-size=16777216"
    "memorysetup-cache-allocator-block-size=4194304"
    "memorysetup-typetree-allocator-block-size=2097152"
    "memorysetup-profiler-bucket-allocator-granularity=16"
    "memorysetup-profiler-bucket-allocator-bucket-count=8"
    "memorysetup-profiler-bucket-allocator-block-size=33554432"
    "memorysetup-profiler-bucket-allocator-block-count=8"
    "memorysetup-profiler-allocator-block-size=16777216"
    "memorysetup-profiler-editor-allocator-block-size=1048576"
    "memorysetup-temp-allocator-size-main=16777216"
    "memorysetup-job-temp-allocator-block-size=2097152"
    "memorysetup-job-temp-allocator-block-size-background=1048576"
    "memorysetup-job-temp-allocator-reduction-small-platforms=262144"
    "memorysetup-temp-allocator-size-background-worker=32768"
    "memorysetup-temp-allocator-size-job-worker=262144"
    "memorysetup-temp-allocator-size-preload-manager=33554432"
    "memorysetup-temp-allocator-size-nav-mesh-worker=65536"
    "memorysetup-temp-allocator-size-audio-worker=65536"
    "memorysetup-temp-allocator-size-cloud-worker=32768"
    "memorysetup-temp-allocator-size-gi-baking-worker=262144"
    "memorysetup-temp-allocator-size-gfx=262144"
Refreshing native plugins compatible for Editor in 159.01 ms, found 4 plugins.
Preloading 0 native plugins for Editor in 0.00 ms.
Initialize engine version: 2021.2.8f1 (d0e5f0a7b06a)
[Subsystems] Discovering subsystems at path C:/Program Files/Unity/Hub/Editor/2021.2.8f1/Editor/Data/Resources/UnitySubsystems
[Subsystems] Discovering subsystems at path C:/Users/15053/Desktop/unity/JS-4150-midterm/Assets
GfxDevice: creating device client; threaded=0; jobified=0
Direct3D:
    Version:  Direct3D 11.0 [level 11.1]
    Renderer: NVIDIA GeForce GTX 1650 Ti (ID=0x1f95)
    Vendor:   NVIDIA
    VRAM:     3962 MB
    Driver:   30.0.14.9729
Initialize mono
Mono path[0] = 'C:/Program Files/Unity/Hub/Editor/2021.2.8f1/Editor/Data/Managed'
Mono path[1] = 'C:/Program Files/Unity/Hub/Editor/2021.2.8f1/Editor/Data/MonoBleedingEdge/lib/mono/unityjit-win32'
Mono config path = 'C:/Program Files/Unity/Hub/Editor/2021.2.8f1/Editor/Data/MonoBleedingEdge/etc'
Using monoOptions --debugger-agent=transport=dt_socket,embedding=1,server=y,suspend=n,address=127.0.0.1:56020
Begin MonoManager ReloadAssembly
Registering precompiled unity dll's ...
Register platform support module: C:/Program Files/Unity/Hub/Editor/2021.2.8f1/Editor/Data/PlaybackEngines/WindowsStandaloneSupport/UnityEditor.WindowsStandalone.Extensions.dll
Registered in 0.009775 seconds.
Native extension for WindowsStandalone target not found
Refreshing native plugins compatible for Editor in 122.65 ms, found 4 plugins.
Preloading 0 native plugins for Editor in 0.00 ms.
Mono: successfully reloaded assembly
- Completed reload, in  0.941 seconds
Domain Reload Profiling:
	ReloadAssembly (942ms)
		BeginReloadAssembly (123ms)
			ExecutionOrderSort (0ms)
			DisableScriptedObjects (0ms)
			BackupInstance (0ms)
			ReleaseScriptingObjects (0ms)
			CreateAndSetChildDomain (2ms)
		EndReloadAssembly (696ms)
			LoadAssemblies (119ms)
			RebuildTransferFunctionScriptingTraits (0ms)
			SetupTypeCache (162ms)
			ReleaseScriptCaches (0ms)
			RebuildScriptCaches (35ms)
			SetupLoadedEditorAssemblies (426ms)
				LogAssemblyErrors (0ms)
				InitializePlatformSupportModulesInManaged (20ms)
				SetLoadedEditorAssemblies (0ms)
				RefreshPlugins (123ms)
				BeforeProcessingInitializeOnLoad (2ms)
				ProcessInitializeOnLoadAttributes (217ms)
				ProcessInitializeOnLoadMethodAttributes (65ms)
				AfterProcessingInitializeOnLoad (0ms)
				EditorAssembliesLoaded (0ms)
			ExecutionOrderSort2 (0ms)
			AwakeInstancesAfterBackupRestoration (0ms)
Platform modules already initialized, skipping
Registering precompiled user dll's ...
Registered in 0.009566 seconds.
Begin MonoManager ReloadAssembly
Symbol file LoadedFromMemory doesn't match image C:\Users\15053\Desktop\unity\JS-4150-midterm\Library\PackageCache\com.unity.visualscripting@1.7.6\Editor\VisualScripting.Core\Dependencies\YamlDotNet\Unity.VisualScripting.YamlDotNet.dll
Symbol file LoadedFromMemory doesn't match image C:\Users\15053\Desktop\unity\JS-4150-midterm\Library\PackageCache\com.unity.visualscripting@1.7.6\Editor\VisualScripting.Core\Dependencies\DotNetZip\Unity.VisualScripting.IonicZip.dll
Native extension for WindowsStandalone target not found
Refreshing native plugins compatible for Editor in 120.31 ms, found 4 plugins.
Preloading 0 native plugins for Editor in 0.00 ms.
Mono: successfully reloaded assembly
- Completed reload, in  2.138 seconds
Domain Reload Profiling:
	ReloadAssembly (2139ms)
		BeginReloadAssembly (141ms)
			ExecutionOrderSort (0ms)
			DisableScriptedObjects (8ms)
			BackupInstance (0ms)
			ReleaseScriptingObjects (0ms)
			CreateAndSetChildDomain (23ms)
		EndReloadAssembly (1850ms)
			LoadAssemblies (144ms)
			RebuildTransferFunctionScriptingTraits (0ms)
			SetupTypeCache (363ms)
			ReleaseScriptCaches (1ms)
			RebuildScriptCaches (73ms)
			SetupLoadedEditorAssemblies (1192ms)
				LogAssemblyErrors (0ms)
				InitializePlatformSupportModulesInManaged (16ms)
				SetLoadedEditorAssemblies (1ms)
				RefreshPlugins (120ms)
				BeforeProcessingInitializeOnLoad (132ms)
				ProcessInitializeOnLoadAttributes (868ms)
				ProcessInitializeOnLoadMethodAttributes (45ms)
				AfterProcessingInitializeOnLoad (10ms)
				EditorAssembliesLoaded (0ms)
			ExecutionOrderSort2 (0ms)
			AwakeInstancesAfterBackupRestoration (8ms)
Platform modules already initialized, skipping
========================================================================
Worker process is ready to serve import requests
Launched and connected shader compiler UnityShaderCompiler.exe after 0.08 seconds
Refreshing native plugins compatible for Editor in 0.98 ms, found 4 plugins.
Preloading 0 native plugins for Editor in 0.00 ms.
Unloading 3904 Unused Serialized files (Serialized files now loaded: 0)
Unloading 43 unused Assets / (225.5 KB). Loaded Objects now: 4353.
Memory consumption went from 147.0 MB to 146.7 MB.
Total: 4.214100 ms (FindLiveObjects: 0.366100 ms CreateObjectMapping: 0.336000 ms MarkObjects: 3.357100 ms  DeleteObjects: 0.153200 ms)

AssetImportParameters requested are different than current active one (requested -> active):
  custom:video-decoder-ogg-theora: a1e56fd34408186e4bbccfd4996cb3dc -> 
  custom:container-muxer-webm: aa71ff27fc2769a1b78a27578f13a17b -> 
  custom:container-demuxer-webm: 4f35f7cbe854078d1ac9338744f61a02 -> 
  custom:video-encoder-webm-vp8: eb34c28f22e8b96e1ab97ce403110664 -> 
  custom:audio-encoder-webm-vorbis: bf7c407c2cedff20999df2af8eb42d56 -> 
  custom:framework-win-MediaFoundation: 216162199b28c13a410421893ffa2e32 -> 
  custom:container-demuxer-ogg: 62fdf1f143b41e24485cea50d1cbac27 -> 
  custom:video-decoder-webm-vp8: 9c59270c3fd7afecdb556c50c9e8de78 -> 
  custom:audio-decoder-ogg-vorbis: bf7c407c2cedff20999df2af8eb42d56 -> 
========================================================================
Received Import Request.
  Time since last request: 4233.636036 seconds.
  path: Assets/2D Zombie/Spine2D Files/images/01_arm_left_n.png
  artifactKey: Guid(35b4c1da3211c7a438ac6bff0a57b170) Importer(815301076,1909f56bfc062723c751e8b465ee728b)
Start importing Assets/2D Zombie/Spine2D Files/images/01_arm_left_n.png using Guid(35b4c1da3211c7a438ac6bff0a57b170) Importer(815301076,1909f56bfc062723c751e8b465ee728b)  -> (artifact id: 'ec84943e1905a85d4a41670a7270d33e') in 0.198090 seconds 
========================================================================
Received Import Request.
  Time since last request: 3.369227 seconds.
  path: Assets/2D Zombie/Unity Native Animations/Zombie_Normal.png
  artifactKey: Guid(1d44309ecdaa8244eb75229d95f7b1ed) Importer(815301076,1909f56bfc062723c751e8b465ee728b)
Start importing Assets/2D Zombie/Unity Native Animations/Zombie_Normal.png using Guid(1d44309ecdaa8244eb75229d95f7b1ed) Importer(815301076,1909f56bfc062723c751e8b465ee728b)  -> (artifact id: '815cae342db059591fa577cefc930cf6') in 0.032014 seconds 
========================================================================
Received Import Request.
  Time since last request: 6.343458 seconds.
  path: Assets/2D Zombie/Spine2D Animations Exports/Zombie_Normal.png
  artifactKey: Guid(98fa05f8e08cc6b499db8b5df5cc3b3a) Importer(815301076,1909f56bfc062723c751e8b465ee728b)
Start importing Assets/2D Zombie/Spine2D Animations Exports/Zombie_Normal.png using Guid(98fa05f8e08cc6b499db8b5df5cc3b3a) Importer(815301076,1909f56bfc062723c751e8b465ee728b)  -> (artifact id: 'de69bb843754418926ef53667b37d8bd') in 0.069280 seconds 
========================================================================
Received Import Request.
  Time since last request: 24.283233 seconds.
  path: Assets/2D Zombie/Background
  artifactKey: Guid(b158b3e504b62b34cbd86c13989e3105) Importer(815301076,1909f56bfc062723c751e8b465ee728b)
Start importing Assets/2D Zombie/Background using Guid(b158b3e504b62b34cbd86c13989e3105) Importer(815301076,1909f56bfc062723c751e8b465ee728b)  -> (artifact id: 'fe450acb6267f0245fb52822250b57fb') in 0.007240 seconds 
========================================================================
Received Prepare
Registering precompiled user dll's ...
Registered in 0.011494 seconds.
Begin MonoManager ReloadAssembly
Symbol file LoadedFromMemory doesn't match image C:\Users\15053\Desktop\unity\JS-4150-midterm\Library\PackageCache\com.unity.visualscripting@1.7.6\Editor\VisualScripting.Core\Dependencies\YamlDotNet\Unity.VisualScripting.YamlDotNet.dll
Symbol file LoadedFromMemory doesn't match image C:\Users\15053\Desktop\unity\JS-4150-midterm\Library\PackageCache\com.unity.visualscripting@1.7.6\Editor\VisualScripting.Core\Dependencies\DotNetZip\Unity.VisualScripting.IonicZip.dll
Native extension for WindowsStandalone target not found
Refreshing native plugins compatible for Editor in 5.81 ms, found 4 plugins.
Preloading 0 native plugins for Editor in 0.00 ms.
Mono: successfully reloaded assembly
- Completed reload, in  1.730 seconds
Domain Reload Profiling:
	ReloadAssembly (1731ms)
		BeginReloadAssembly (191ms)
			ExecutionOrderSort (0ms)
			DisableScriptedObjects (13ms)
			BackupInstance (0ms)
			ReleaseScriptingObjects (0ms)
			CreateAndSetChildDomain (57ms)
		EndReloadAssembly (1376ms)
			LoadAssemblies (126ms)
			RebuildTransferFunctionScriptingTraits (0ms)
			SetupTypeCache (390ms)
			ReleaseScriptCaches (2ms)
			RebuildScriptCaches (69ms)
			SetupLoadedEditorAssemblies (673ms)
				LogAssemblyErrors (0ms)
				InitializePlatformSupportModulesInManaged (25ms)
				SetLoadedEditorAssemblies (2ms)
				RefreshPlugins (6ms)
				BeforeProcessingInitializeOnLoad (115ms)
				ProcessInitializeOnLoadAttributes (474ms)
				ProcessInitializeOnLoadMethodAttributes (42ms)
				AfterProcessingInitializeOnLoad (10ms)
				EditorAssembliesLoaded (0ms)
			ExecutionOrderSort2 (0ms)
			AwakeInstancesAfterBackupRestoration (21ms)
Platform modules already initialized, skipping
Refreshing native plugins compatible for Editor in 1.03 ms, found 4 plugins.
Preloading 0 native plugins for Editor in 0.00 ms.
Unloading 3909 Unused Serialized files (Serialized files now loaded: 0)
Unloading 32 unused Assets / (192.5 KB). Loaded Objects now: 4417.
Memory consumption went from 155.7 MB to 155.5 MB.
Total: 4.368700 ms (FindLiveObjects: 0.497300 ms CreateObjectMapping: 0.367400 ms MarkObjects: 3.343200 ms  DeleteObjects: 0.159200 ms)

AssetImportParameters requested are different than current active one (requested -> active):
  custom:video-decoder-ogg-theora: a1e56fd34408186e4bbccfd4996cb3dc -> 
  custom:container-muxer-webm: aa71ff27fc2769a1b78a27578f13a17b -> 
  custom:container-demuxer-webm: 4f35f7cbe854078d1ac9338744f61a02 -> 
  custom:video-encoder-webm-vp8: eb34c28f22e8b96e1ab97ce403110664 -> 
  custom:audio-encoder-webm-vorbis: bf7c407c2cedff20999df2af8eb42d56 -> 
  custom:framework-win-MediaFoundation: 216162199b28c13a410421893ffa2e32 -> 
  custom:container-demuxer-ogg: 62fdf1f143b41e24485cea50d1cbac27 -> 
  custom:video-decoder-webm-vp8: 9c59270c3fd7afecdb556c50c9e8de78 -> 
  custom:audio-decoder-ogg-vorbis: bf7c407c2cedff20999df2af8eb42d56 -> 
========================================================================
Received Import Request.
  Time since last request: 132.491176 seconds.
  path: Assets/MainAsset
  artifactKey: Guid(2169e5cb745981e4ab222147994354c8) Importer(815301076,1909f56bfc062723c751e8b465ee728b)
Start importing Assets/MainAsset using Guid(2169e5cb745981e4ab222147994354c8) Importer(815301076,1909f56bfc062723c751e8b465ee728b)  -> (artifact id: 'daaac7f8a99da21a0d995ccaa35589b3') in 0.017731 seconds 
========================================================================
Received Import Request.
  Time since last request: 1.517283 seconds.
  path: Assets/MainAsset/DemoScene
  artifactKey: Guid(e64e78816881e1b44857f6b07e86a34a) Importer(815301076,1909f56bfc062723c751e8b465ee728b)
Start importing Assets/MainAsset/DemoScene using Guid(e64e78816881e1b44857f6b07e86a34a) Importer(815301076,1909f56bfc062723c751e8b465ee728b)  -> (artifact id: '9c7b70d49a2e56a365c765232194074e') in 0.008374 seconds 
========================================================================
Received Import Request.
  Time since last request: 2.832727 seconds.
  path: Assets/MainAsset/DemoScene/Animations
  artifactKey: Guid(9df938459e8bf6f4eba08a2b65ee1464) Importer(815301076,1909f56bfc062723c751e8b465ee728b)
Start importing Assets/MainAsset/DemoScene/Animations using Guid(9df938459e8bf6f4eba08a2b65ee1464) Importer(815301076,1909f56bfc062723c751e8b465ee728b)  -> (artifact id: '5b97c1b0fd0905157ad76171329bec3a') in 0.008790 seconds 
========================================================================
Received Import Request.
  Time since last request: 3.816516 seconds.
  path: Assets/MainAsset/8BitCharacters
  artifactKey: Guid(cbf0f3bae29c5244eb78074db5604dbd) Importer(815301076,1909f56bfc062723c751e8b465ee728b)
Start importing Assets/MainAsset/8BitCharacters using Guid(cbf0f3bae29c5244eb78074db5604dbd) Importer(815301076,1909f56bfc062723c751e8b465ee728b)  -> (artifact id: '57d0afc9c425a62da277ea7907eb321a') in 0.008457 seconds 
========================================================================
Received Import Request.
  Time since last request: 2.357666 seconds.
  path: Assets/MainAsset/8BitCharacters/SpriteSheets
  artifactKey: Guid(9900e39e82f98974798f2fa8f13b573c) Importer(815301076,1909f56bfc062723c751e8b465ee728b)
Start importing Assets/MainAsset/8BitCharacters/SpriteSheets using Guid(9900e39e82f98974798f2fa8f13b573c) Importer(815301076,1909f56bfc062723c751e8b465ee728b)  -> (artifact id: 'cc1a54e8a6bf8a8db0a932d5a4a89373') in 0.008088 seconds 
========================================================================
Received Import Request.
  Time since last request: 2.041676 seconds.
  path: Assets/MainAsset/8BitCharacters/SpriteSheets/Characters
  artifactKey: Guid(34c92ae0c3a69944e8a604edee6958aa) Importer(815301076,1909f56bfc062723c751e8b465ee728b)
Start importing Assets/MainAsset/8BitCharacters/SpriteSheets/Characters using Guid(34c92ae0c3a69944e8a604edee6958aa) Importer(815301076,1909f56bfc062723c751e8b465ee728b)  -> (artifact id: 'a4a5a90cbe1096258259f8978850fe8c') in 0.008743 seconds 
========================================================================
Received Import Request.
  Time since last request: 0.021055 seconds.
  path: Assets/MainAsset/8BitCharacters/SpriteSheets/Characters/BigGuns.png
  artifactKey: Guid(e62e944fb09cc8240949f8681ab627fa) Importer(815301076,1909f56bfc062723c751e8b465ee728b)
Start importing Assets/MainAsset/8BitCharacters/SpriteSheets/Characters/BigGuns.png using Guid(e62e944fb09cc8240949f8681ab627fa) Importer(815301076,1909f56bfc062723c751e8b465ee728b)  -> (artifact id: '0f05752f3fe210986fb20db14ebde710') in 0.169600 seconds 
========================================================================
Received Import Request.
  Time since last request: 0.000035 seconds.
  path: Assets/MainAsset/8BitCharacters/SpriteSheets/Characters/Soldier.png
  artifactKey: Guid(2b6573e3eddea0943beabd1f7096a3a9) Importer(815301076,1909f56bfc062723c751e8b465ee728b)
Start importing Assets/MainAsset/8BitCharacters/SpriteSheets/Characters/Soldier.png using Guid(2b6573e3eddea0943beabd1f7096a3a9) Importer(815301076,1909f56bfc062723c751e8b465ee728b)  -> (artifact id: '01e6d7661edab4ee75e30a9adbec4c8e') in 0.135406 seconds 
========================================================================
Received Import Request.
  Time since last request: 0.000033 seconds.
  path: Assets/MainAsset/8BitCharacters/SpriteSheets/Characters/Hunter.png
  artifactKey: Guid(d13f53c1f0f786e4c970a9351a37b322) Importer(815301076,1909f56bfc062723c751e8b465ee728b)
Start importing Assets/MainAsset/8BitCharacters/SpriteSheets/Characters/Hunter.png using Guid(d13f53c1f0f786e4c970a9351a37b322) Importer(815301076,1909f56bfc062723c751e8b465ee728b)  -> (artifact id: 'c5ea1e8bbcfe23485041462453c087a6') in 0.130799 seconds 
========================================================================
Received Import Request.
  Time since last request: 33.225662 seconds.
  path: Assets/MainAsset/8BitCharacters/BasicMapItems
  artifactKey: Guid(3ce3ea55aa7b7614ba765852fb29d25c) Importer(815301076,1909f56bfc062723c751e8b465ee728b)
Start importing Assets/MainAsset/8BitCharacters/BasicMapItems using Guid(3ce3ea55aa7b7614ba765852fb29d25c) Importer(815301076,1909f56bfc062723c751e8b465ee728b)  -> (artifact id: 'f21b4ba9fc84daa13752206d57226743') in 0.008046 seconds 
========================================================================
Received Import Request.
  Time since last request: 0.021189 seconds.
  path: Assets/MainAsset/8BitCharacters/BasicMapItems/8Bit BasicMap.png
  artifactKey: Guid(9879423714c36dc4eb3e3a3da83d0d0a) Importer(815301076,1909f56bfc062723c751e8b465ee728b)
Start importing Assets/MainAsset/8BitCharacters/BasicMapItems/8Bit BasicMap.png using Guid(9879423714c36dc4eb3e3a3da83d0d0a) Importer(815301076,1909f56bfc062723c751e8b465ee728b)  -> (artifact id: '710f66b4c666c38a0ca8d4cef650531b') in 0.037913 seconds 
========================================================================
Received Import Request.
  Time since last request: 3.179820 seconds.
  path: Assets/MainAsset/8BitCharacters/PlayerIcons
  artifactKey: Guid(a06ca5c3c77198a4cbfa44ec5f1d89e0) Importer(815301076,1909f56bfc062723c751e8b465ee728b)
Start importing Assets/MainAsset/8BitCharacters/PlayerIcons using Guid(a06ca5c3c77198a4cbfa44ec5f1d89e0) Importer(815301076,1909f56bfc062723c751e8b465ee728b)  -> (artifact id: 'cbca6444920a2b7dbb2ce894c2e9b7e2') in 0.009172 seconds 
========================================================================
Received Import Request.
  Time since last request: 0.030870 seconds.
  path: Assets/MainAsset/8BitCharacters/PlayerIcons/BigGuns_Icon.png
  artifactKey: Guid(676cecfd4f18d6e47b2d1965bd5d98d4) Importer(815301076,1909f56bfc062723c751e8b465ee728b)
Start importing Assets/MainAsset/8BitCharacters/PlayerIcons/BigGuns_Icon.png using Guid(676cecfd4f18d6e47b2d1965bd5d98d4) Importer(815301076,1909f56bfc062723c751e8b465ee728b)  -> (artifact id: 'fbbf2392f228badb656d3b6ae8bd3f6c') in 0.028700 seconds 
========================================================================
Received Import Request.
  Time since last request: 0.000043 seconds.
  path: Assets/MainAsset/8BitCharacters/PlayerIcons/Scouter_Icon.png
  artifactKey: Guid(7b2d9e5cf32622d478e133efbc8688c0) Importer(815301076,1909f56bfc062723c751e8b465ee728b)
Start importing Assets/MainAsset/8BitCharacters/PlayerIcons/Scouter_Icon.png using Guid(7b2d9e5cf32622d478e133efbc8688c0) Importer(815301076,1909f56bfc062723c751e8b465ee728b)  -> (artifact id: '55fef6a02ab6a26865a87fcc15e8b046') in 0.049004 seconds 
========================================================================
Received Import Request.
  Time since last request: 0.000041 seconds.
  path: Assets/MainAsset/8BitCharacters/PlayerIcons/Hunter_Icon.png
  artifactKey: Guid(76e5083c2224ad74f8b851c105613ccd) Importer(815301076,1909f56bfc062723c751e8b465ee728b)
Start importing Assets/MainAsset/8BitCharacters/PlayerIcons/Hunter_Icon.png using Guid(76e5083c2224ad74f8b851c105613ccd) Importer(815301076,1909f56bfc062723c751e8b465ee728b)  -> (artifact id: '189102ce13c02b60d7c317107e1dc106') in 0.033966 seconds 
========================================================================
Received Import Request.
  Time since last request: 51.429453 seconds.
  path: Assets/2D Zombie/Spine2D Animations Exports
  artifactKey: Guid(492f15ffd38a05f4aaa9142a40ba63c0) Importer(815301076,1909f56bfc062723c751e8b465ee728b)
Start importing Assets/2D Zombie/Spine2D Animations Exports using Guid(492f15ffd38a05f4aaa9142a40ba63c0) Importer(815301076,1909f56bfc062723c751e8b465ee728b)  -> (artifact id: '7b1bd4424e95611a84c3602a81fe3477') in 0.010111 seconds 
========================================================================
Received Import Request.
  Time since last request: 3.666036 seconds.
  path: Assets/2D Zombie/Spine2D Files
  artifactKey: Guid(5c4567fbd94ee324381499235cbd2d8c) Importer(815301076,1909f56bfc062723c751e8b465ee728b)
Start importing Assets/2D Zombie/Spine2D Files using Guid(5c4567fbd94ee324381499235cbd2d8c) Importer(815301076,1909f56bfc062723c751e8b465ee728b)  -> (artifact id: '710294c7e78b7b70232e2478d8283221') in 0.007762 seconds 
========================================================================
Received Import Request.
  Time since last request: 2.603238 seconds.
  path: Assets/2D Zombie/Unity Native Animations
  artifactKey: Guid(61644f9cc45f8b346a5cb745b72cc1ff) Importer(815301076,1909f56bfc062723c751e8b465ee728b)
Start importing Assets/2D Zombie/Unity Native Animations using Guid(61644f9cc45f8b346a5cb745b72cc1ff) Importer(815301076,1909f56bfc062723c751e8b465ee728b)  -> (artifact id: '1040aaf58f245dad7138831fc77a82d8') in 0.007810 seconds 
========================================================================
Received Import Request.
  Time since last request: 9.034257 seconds.
  path: Assets/2D Zombie/Demo
  artifactKey: Guid(9b82289e6e140c0408446d15b833e177) Importer(815301076,1909f56bfc062723c751e8b465ee728b)
Start importing Assets/2D Zombie/Demo using Guid(9b82289e6e140c0408446d15b833e177) Importer(815301076,1909f56bfc062723c751e8b465ee728b)  -> (artifact id: '77a0259942bc2788e7cc379fb8e7b10c') in 0.010337 seconds 
========================================================================
Received Import Request.
  Time since last request: 193.851979 seconds.
  path: Assets/Gothicvania Cemetery Artwork
  artifactKey: Guid(81939103fb9cdea438a6d5432a4350c4) Importer(815301076,1909f56bfc062723c751e8b465ee728b)
Start importing Assets/Gothicvania Cemetery Artwork using Guid(81939103fb9cdea438a6d5432a4350c4) Importer(815301076,1909f56bfc062723c751e8b465ee728b)  -> (artifact id: '0cdf65700ae15882ae82f8e995bc643b') in 0.008042 seconds 
========================================================================
Received Import Request.
  Time since last request: 1.893022 seconds.
  path: Assets/Gothicvania Cemetery Artwork/Sprites
  artifactKey: Guid(8a75078c371c446e788514d45d4e7c5c) Importer(815301076,1909f56bfc062723c751e8b465ee728b)
Start importing Assets/Gothicvania Cemetery Artwork/Sprites using Guid(8a75078c371c446e788514d45d4e7c5c) Importer(815301076,1909f56bfc062723c751e8b465ee728b)  -> (artifact id: '29c643d75f610ef2e87c1a52acb599f2') in 0.010720 seconds 
========================================================================
Received Import Request.
  Time since last request: 10.838617 seconds.
  path: Assets/Gothicvania Cemetery Artwork/Sprites/enemy-death
  artifactKey: Guid(1c35552cb0c5d42869e254987f80bbc6) Importer(815301076,1909f56bfc062723c751e8b465ee728b)
Start importing Assets/Gothicvania Cemetery Artwork/Sprites/enemy-death using Guid(1c35552cb0c5d42869e254987f80bbc6) Importer(815301076,1909f56bfc062723c751e8b465ee728b)  -> (artifact id: 'dea75782c4d6c6dff7e80593a02899c5') in 0.008263 seconds 
========================================================================
Received Import Request.
  Time since last request: 0.050674 seconds.
  path: Assets/Gothicvania Cemetery Artwork/Sprites/enemy-death/enemy-death-1.png
  artifactKey: Guid(74a19e90cfc0c443d9b91064e41bf9e2) Importer(815301076,1909f56bfc062723c751e8b465ee728b)
Start importing Assets/Gothicvania Cemetery Artwork/Sprites/enemy-death/enemy-death-1.png using Guid(74a19e90cfc0c443d9b91064e41bf9e2) Importer(815301076,1909f56bfc062723c751e8b465ee728b)  -> (artifact id: '64bfed206d47b84534793b0cc9a8ccc1') in 0.034862 seconds 
========================================================================
Received Import Request.
  Time since last request: 0.000040 seconds.
  path: Assets/Gothicvania Cemetery Artwork/Sprites/enemy-death/enemy-death-5.png
  artifactKey: Guid(7822739229de84cdfba177d2ae9b4529) Importer(815301076,1909f56bfc062723c751e8b465ee728b)
Start importing Assets/Gothicvania Cemetery Artwork/Sprites/enemy-death/enemy-death-5.png using Guid(7822739229de84cdfba177d2ae9b4529) Importer(815301076,1909f56bfc062723c751e8b465ee728b)  -> (artifact id: 'a804e2cabdbd0b60a9c1a05cd99b0663') in 0.047437 seconds 
========================================================================
Received Import Request.
  Time since last request: 4.709440 seconds.
  path: Assets/Gothicvania Cemetery Artwork/Sprites/hell-gato
  artifactKey: Guid(05d403016ba8a410b935f50f2255cd77) Importer(815301076,1909f56bfc062723c751e8b465ee728b)
Start importing Assets/Gothicvania Cemetery Artwork/Sprites/hell-gato using Guid(05d403016ba8a410b935f50f2255cd77) Importer(815301076,1909f56bfc062723c751e8b465ee728b)  -> (artifact id: 'ef80f57d898ff01b3fe8c25fb7e5080b') in 0.008748 seconds 
========================================================================
Received Import Request.
  Time since last request: 0.042473 seconds.
  path: Assets/Gothicvania Cemetery Artwork/Sprites/hell-gato/hell-gato-1.png
  artifactKey: Guid(c5650e72c34344f699287f969a247dee) Importer(815301076,1909f56bfc062723c751e8b465ee728b)
Start importing Assets/Gothicvania Cemetery Artwork/Sprites/hell-gato/hell-gato-1.png using Guid(c5650e72c34344f699287f969a247dee) Importer(815301076,1909f56bfc062723c751e8b465ee728b)  -> (artifact id: '261e0ff7029dcf106c0f6d1c921db10c') in 0.029416 seconds 
========================================================================
Received Import Request.
  Time since last request: 0.000057 seconds.
  path: Assets/Gothicvania Cemetery Artwork/Sprites/hell-gato/hell-gato-4.png
  artifactKey: Guid(04e5a1d1ff3dc4c7f81a700a52c1d002) Importer(815301076,1909f56bfc062723c751e8b465ee728b)
Start importing Assets/Gothicvania Cemetery Artwork/Sprites/hell-gato/hell-gato-4.png using Guid(04e5a1d1ff3dc4c7f81a700a52c1d002) Importer(815301076,1909f56bfc062723c751e8b465ee728b)  -> (artifact id: '5b529f7fe6e6bf9270906145b03f1bd9') in 0.034069 seconds 
========================================================================
Received Import Request.
  Time since last request: 10.084819 seconds.
  path: Assets/Gothicvania Cemetery Artwork/Sprites/skeleton-rise/skeleton-rise-2.png
  artifactKey: Guid(5782e1e370b60411293f59b32c07308b) Importer(815301076,1909f56bfc062723c751e8b465ee728b)
Start importing Assets/Gothicvania Cemetery Artwork/Sprites/skeleton-rise/skeleton-rise-2.png using Guid(5782e1e370b60411293f59b32c07308b) Importer(815301076,1909f56bfc062723c751e8b465ee728b)  -> (artifact id: '9738042c8ba0b07384e30bf74068b098') in 0.029418 seconds 
========================================================================
Received Import Request.
  Time since last request: 0.000035 seconds.
  path: Assets/Gothicvania Cemetery Artwork/Sprites/skeleton-rise/skeleton-rise-6.png
  artifactKey: Guid(4bd0e5e12ce7c4688b44071df7db9a12) Importer(815301076,1909f56bfc062723c751e8b465ee728b)
Start importing Assets/Gothicvania Cemetery Artwork/Sprites/skeleton-rise/skeleton-rise-6.png using Guid(4bd0e5e12ce7c4688b44071df7db9a12) Importer(815301076,1909f56bfc062723c751e8b465ee728b)  -> (artifact id: '07b2df844cd9cf1d6753a481e5ba394c') in 0.038367 seconds 
========================================================================
Received Import Request.
  Time since last request: 0.000055 seconds.
  path: Assets/Gothicvania Cemetery Artwork/Sprites/skeleton-rise/skeleton-rise-4.png
  artifactKey: Guid(879f6d207d2e141bb8cf1f983eeca737) Importer(815301076,1909f56bfc062723c751e8b465ee728b)
Start importing Assets/Gothicvania Cemetery Artwork/Sprites/skeleton-rise/skeleton-rise-4.png using Guid(879f6d207d2e141bb8cf1f983eeca737) Importer(815301076,1909f56bfc062723c751e8b465ee728b)  -> (artifact id: '42f2e1c5e0498b5eb37f15f314578ed8') in 0.030817 seconds 
========================================================================
Received Prepare
Registering precompiled user dll's ...
Registered in 0.010048 seconds.
Begin MonoManager ReloadAssembly
Symbol file LoadedFromMemory doesn't match image C:\Users\15053\Desktop\unity\JS-4150-midterm\Library\PackageCache\com.unity.visualscripting@1.7.6\Editor\VisualScripting.Core\Dependencies\YamlDotNet\Unity.VisualScripting.YamlDotNet.dll
Symbol file LoadedFromMemory doesn't match image C:\Users\15053\Desktop\unity\JS-4150-midterm\Library\PackageCache\com.unity.visualscripting@1.7.6\Editor\VisualScripting.Core\Dependencies\DotNetZip\Unity.VisualScripting.IonicZip.dll
Native extension for WindowsStandalone target not found
Refreshing native plugins compatible for Editor in 1.62 ms, found 4 plugins.
Preloading 0 native plugins for Editor in 0.00 ms.
Mono: successfully reloaded assembly
- Completed reload, in  1.827 seconds
Domain Reload Profiling:
	ReloadAssembly (1829ms)
		BeginReloadAssembly (185ms)
			ExecutionOrderSort (0ms)
			DisableScriptedObjects (12ms)
			BackupInstance (0ms)
			ReleaseScriptingObjects (0ms)
			CreateAndSetChildDomain (60ms)
		EndReloadAssembly (1495ms)
			LoadAssemblies (112ms)
			RebuildTransferFunctionScriptingTraits (0ms)
			SetupTypeCache (538ms)
			ReleaseScriptCaches (2ms)
			RebuildScriptCaches (77ms)
			SetupLoadedEditorAssemblies (666ms)
				LogAssemblyErrors (0ms)
				InitializePlatformSupportModulesInManaged (20ms)
				SetLoadedEditorAssemblies (1ms)
				RefreshPlugins (2ms)
				BeforeProcessingInitializeOnLoad (108ms)
				ProcessInitializeOnLoadAttributes (446ms)
				ProcessInitializeOnLoadMethodAttributes (68ms)
				AfterProcessingInitializeOnLoad (20ms)
				EditorAssembliesLoaded (1ms)
			ExecutionOrderSort2 (0ms)
			AwakeInstancesAfterBackupRestoration (31ms)
Platform modules already initialized, skipping
Refreshing native plugins compatible for Editor in 0.84 ms, found 4 plugins.
Preloading 0 native plugins for Editor in 0.00 ms.
Unloading 3920 Unused Serialized files (Serialized files now loaded: 0)
Unloading 32 unused Assets / (194.3 KB). Loaded Objects now: 4649.
Memory consumption went from 163.0 MB to 162.8 MB.
Total: 4.169500 ms (FindLiveObjects: 0.397000 ms CreateObjectMapping: 0.363900 ms MarkObjects: 3.241800 ms  DeleteObjects: 0.165000 ms)

AssetImportParameters requested are different than current active one (requested -> active):
  custom:video-decoder-ogg-theora: a1e56fd34408186e4bbccfd4996cb3dc -> 
  custom:container-muxer-webm: aa71ff27fc2769a1b78a27578f13a17b -> 
  custom:container-demuxer-webm: 4f35f7cbe854078d1ac9338744f61a02 -> 
  custom:video-encoder-webm-vp8: eb34c28f22e8b96e1ab97ce403110664 -> 
  custom:audio-encoder-webm-vorbis: bf7c407c2cedff20999df2af8eb42d56 -> 
  custom:framework-win-MediaFoundation: 216162199b28c13a410421893ffa2e32 -> 
  custom:container-demuxer-ogg: 62fdf1f143b41e24485cea50d1cbac27 -> 
  custom:video-decoder-webm-vp8: 9c59270c3fd7afecdb556c50c9e8de78 -> 
  custom:audio-decoder-ogg-vorbis: bf7c407c2cedff20999df2af8eb42d56 -> 
========================================================================
Received Import Request.
  Time since last request: 358.952750 seconds.
  path: Assets/Libraries/Warped City Assets/Artwork/ENVIRONMENT/background/near-buildings-bg.png
  artifactKey: Guid(8be56079f98104befaf15e67184d36f1) Importer(815301076,1909f56bfc062723c751e8b465ee728b)
Start importing Assets/Libraries/Warped City Assets/Artwork/ENVIRONMENT/background/near-buildings-bg.png using Guid(8be56079f98104befaf15e67184d36f1) Importer(815301076,1909f56bfc062723c751e8b465ee728b)  -> (artifact id: '109b10d494abdafcb84445782d65bc7f') in 0.107749 seconds 
========================================================================
Received Import Request.
  Time since last request: 19.305661 seconds.
  path: Assets/Libraries/Gothicvania Cemetery Artwork/Environment/graveyard.png
  artifactKey: Guid(e3309b7d2ebaf41fa87c88817dbec1f1) Importer(815301076,1909f56bfc062723c751e8b465ee728b)
Start importing Assets/Libraries/Gothicvania Cemetery Artwork/Environment/graveyard.png using Guid(e3309b7d2ebaf41fa87c88817dbec1f1) Importer(815301076,1909f56bfc062723c751e8b465ee728b)  -> (artifact id: 'e5cb5a7bffb55260544439704eba221d') in 0.045644 seconds 
========================================================================
Received Import Request.
  Time since last request: 0.000028 seconds.
  path: Assets/Libraries/Gothicvania Cemetery Artwork/Environment/tileset.png
  artifactKey: Guid(4beee00ff01304c92a8c3ae5c089ef92) Importer(815301076,1909f56bfc062723c751e8b465ee728b)
Start importing Assets/Libraries/Gothicvania Cemetery Artwork/Environment/tileset.png using Guid(4beee00ff01304c92a8c3ae5c089ef92) Importer(815301076,1909f56bfc062723c751e8b465ee728b)  -> (artifact id: '9fc7ce8655c3d1708ad4a8011dd132ef') in 0.046028 seconds 
========================================================================
Received Import Request.
  Time since last request: 0.000025 seconds.
  path: Assets/Libraries/Gothicvania Cemetery Artwork/Environment/objects-Sheet.png
  artifactKey: Guid(d32d0aa35a58b4f7087cf029122e9820) Importer(815301076,1909f56bfc062723c751e8b465ee728b)
Start importing Assets/Libraries/Gothicvania Cemetery Artwork/Environment/objects-Sheet.png using Guid(d32d0aa35a58b4f7087cf029122e9820) Importer(815301076,1909f56bfc062723c751e8b465ee728b)  -> (artifact id: 'd003538142b02dd2ec800b88da229fe4') in 0.050811 seconds 
========================================================================
Received Import Request.
  Time since last request: 0.000035 seconds.
  path: Assets/Libraries/Gothicvania Cemetery Artwork/Environment/mountains.png
  artifactKey: Guid(392218c362ae54f0f95bcafd5379defd) Importer(815301076,1909f56bfc062723c751e8b465ee728b)
Start importing Assets/Libraries/Gothicvania Cemetery Artwork/Environment/mountains.png using Guid(392218c362ae54f0f95bcafd5379defd) Importer(815301076,1909f56bfc062723c751e8b465ee728b)  -> (artifact id: 'a5e48e892e7ec75f5880f92f98f9d8d1') in 0.034839 seconds 
========================================================================
Received Import Request.
  Time since last request: 38.874210 seconds.
  path: Assets/Libraries/Gothicvania Cemetery Artwork/Environment/sliced-objects/bush-small.png
  artifactKey: Guid(36d30963c1b6a4d4ab1c9d7a31b892b2) Importer(815301076,1909f56bfc062723c751e8b465ee728b)
Start importing Assets/Libraries/Gothicvania Cemetery Artwork/Environment/sliced-objects/bush-small.png using Guid(36d30963c1b6a4d4ab1c9d7a31b892b2) Importer(815301076,1909f56bfc062723c751e8b465ee728b)  -> (artifact id: '2eea148193533581b8b5e0a85859064e') in 0.027553 seconds 
========================================================================
Received Import Request.
  Time since last request: 0.000029 seconds.
  path: Assets/Libraries/Gothicvania Cemetery Artwork/Environment/sliced-objects/tree-1.png
  artifactKey: Guid(eca112b76f20b46868ad86e0bd613dae) Importer(815301076,1909f56bfc062723c751e8b465ee728b)
Start importing Assets/Libraries/Gothicvania Cemetery Artwork/Environment/sliced-objects/tree-1.png using Guid(eca112b76f20b46868ad86e0bd613dae) Importer(815301076,1909f56bfc062723c751e8b465ee728b)  -> (artifact id: '241260e525e92bac6abdde509343642a') in 0.043670 seconds 
========================================================================
Received Import Request.
  Time since last request: 0.000041 seconds.
  path: Assets/Libraries/Gothicvania Cemetery Artwork/Environment/sliced-objects/stone-1.png
  artifactKey: Guid(a49935f49dc384b83ae4e1e7ac7802f2) Importer(815301076,1909f56bfc062723c751e8b465ee728b)
Start importing Assets/Libraries/Gothicvania Cemetery Artwork/Environment/sliced-objects/stone-1.png using Guid(a49935f49dc384b83ae4e1e7ac7802f2) Importer(815301076,1909f56bfc062723c751e8b465ee728b)  -> (artifact id: '55940030ed34559cd89d7fbc353807fc') in 0.034050 seconds 
========================================================================
Received Import Request.
  Time since last request: 0.000056 seconds.
  path: Assets/Libraries/Gothicvania Cemetery Artwork/Environment/sliced-objects/tree-3.png
  artifactKey: Guid(77adc8bfe31a0412fb512e6d9c444330) Importer(815301076,1909f56bfc062723c751e8b465ee728b)
Start importing Assets/Libraries/Gothicvania Cemetery Artwork/Environment/sliced-objects/tree-3.png using Guid(77adc8bfe31a0412fb512e6d9c444330) Importer(815301076,1909f56bfc062723c751e8b465ee728b)  -> (artifact id: '1e4d38486a09f31cf9d88a6237cd962e') in 0.048305 seconds 
Editor requested this worker to shutdown with reason: Scaling down because of idle timeout
AssetImportWorker is now disconnected from the server
Process exiting
Exiting without the bug reporter. Application will terminate with return code 0